21:55:09 INFO  : Registering command handlers for SDK TCF services
21:55:18 INFO  : Launching XSCT server: xsct -n -interactive /home/izoomko/wrk/4grade/io/lab2/lab2.sdk/temp_xsdb_launch_script.tcl
21:55:20 INFO  : XSCT server has started successfully.
21:55:21 INFO  : Successfully done setting XSCT server connection channel  
21:55:22 INFO  : Successfully done setting SDK workspace  
21:55:22 INFO  : Processing command line option -hwspec /home/izoomko/wrk/4grade/io/lab2/lab2.sdk/uc_system_wrapper.hdf.
22:50:58 INFO  : SDK has detected change in the last modified timestamps for source hardware specification file Source:1511898658000,  Project:1511808841000
22:50:58 INFO  : Project uc_system_wrapper_hw_platform_0's source hardware specification located at /home/izoomko/wrk/4grade/io/lab2/lab2.sdk/uc_system_wrapper.hdf is now different from the local copy.
		 The local copy will be replaced with the source specification and your workspace will be updated.
22:51:07 INFO  : Copied contents of /home/izoomko/wrk/4grade/io/lab2/lab2.sdk/uc_system_wrapper.hdf into /uc_system_wrapper_hw_platform_0/system.hdf.
22:51:08 INFO  : Synchronizing projects in the workspace with the hardware platform specification changes.
22:51:10 INFO  : 
22:51:10 INFO  : Updating hardware inferred compiler options for soft.
22:51:11 INFO  : Clearing existing target manager status.
22:51:16 INFO  : Closing and re-opening the MSS file of ther project soft_bsp
22:51:16 INFO  : Workspace synchronized with the new hardware specification file. Cleaning dependent projects...
22:51:17 WARN  : Linker script will not be updated automatically. Users need to update it manually.
23:29:07 ERROR : Unexpected error while parsing XMD response ￿: com.google.gson.JsonSyntaxException: com.google.gson.stream.MalformedJsonException: invalid number or unquoted string near 
12:44:55 INFO  : Registering command handlers for SDK TCF services
12:44:56 INFO  : Launching XSCT server: xsct -n -interactive /home/izoomko/wrk/4grade/io/lab2/lab2.sdk/temp_xsdb_launch_script.tcl
12:44:58 INFO  : XSCT server has started successfully.
12:45:02 INFO  : Successfully done setting XSCT server connection channel  
12:45:02 INFO  : Successfully done setting SDK workspace  
12:45:02 INFO  : Processing command line option -hwspec /home/izoomko/wrk/4grade/io/lab2/lab2.sdk/uc_system_wrapper.hdf.
12:45:02 INFO  : Checking for hwspec changes in the project uc_system_wrapper_hw_platform_0.
23:57:26 INFO  : Registering command handlers for SDK TCF services
23:57:26 INFO  : Launching XSCT server: xsct -n -interactive /home/izoomko/wrk/4grade/io/lab3/lab2.sdk/temp_xsdb_launch_script.tcl
23:57:28 INFO  : XSCT server has started successfully.
23:57:31 INFO  : Successfully done setting XSCT server connection channel  
23:57:31 INFO  : Processing command line option -hwspec /home/izoomko/wrk/4grade/io/lab3/lab2.sdk/uc_system_wrapper.hdf.
23:57:31 INFO  : Successfully done setting SDK workspace  
00:21:55 INFO  : CPU Number not found for processor microblaze_0, defaulting to 0 
00:22:23 INFO  : CPU Number not found for processor microblaze_0, defaulting to 0 
00:23:34 INFO  : CPU Number not found for processor microblaze_0, defaulting to 0 
01:06:31 INFO  : CPU Number not found for processor microblaze_0, defaulting to 0 
00:15:34 INFO  : Registering command handlers for SDK TCF services
00:15:35 INFO  : Launching XSCT server: xsct -n -interactive /home/izoomko/wrk/4grade/io/lab3/lab2.sdk/temp_xsdb_launch_script.tcl
00:15:37 INFO  : XSCT server has started successfully.
00:15:37 INFO  : Successfully done setting XSCT server connection channel  
00:15:37 INFO  : Successfully done setting SDK workspace  
00:15:37 INFO  : Processing command line option -hwspec /home/izoomko/wrk/4grade/io/lab3/lab2.sdk/uc_system_wrapper.hdf.
00:15:40 INFO  : Checking for hwspec changes in the project uc_system_wrapper_hw_platform_1.
00:15:40 INFO  : SDK has detected change in the last modified timestamps for source hardware specification file Source:1513977322000,  Project:1513544203000
00:15:40 INFO  : The hardware specification for project 'uc_system_wrapper_hw_platform_1' is different from /home/izoomko/wrk/4grade/io/lab3/lab2.sdk/uc_system_wrapper.hdf.
00:15:40 INFO  : Copied contents of /home/izoomko/wrk/4grade/io/lab3/lab2.sdk/uc_system_wrapper.hdf into /uc_system_wrapper_hw_platform_1/system.hdf.
00:15:40 INFO  : Synchronizing projects in the workspace with the hardware platform specification changes.
00:15:41 INFO  : Clearing existing target manager status.
00:15:46 INFO  : Workspace synchronized with the new hardware specification file. Cleaning dependent projects...
00:15:46 WARN  : Linker script will not be updated automatically. Users need to update it manually.
16:05:51 ERROR : Unexpected error while parsing XMD response ￿: com.google.gson.JsonSyntaxException: com.google.gson.stream.MalformedJsonException: invalid number or unquoted string near 
22:26:10 INFO  : Registering command handlers for SDK TCF services
22:26:10 INFO  : Launching XSCT server: xsct -n -interactive /home/izoomko/wrk/4grade/io/lab3/lab2.sdk/temp_xsdb_launch_script.tcl
22:26:14 INFO  : XSCT server has started successfully.
22:26:16 INFO  : Successfully done setting XSCT server connection channel  
22:26:16 INFO  : Successfully done setting SDK workspace  
22:26:16 INFO  : Processing command line option -hwspec /home/izoomko/wrk/4grade/io/lab3/lab2.sdk/uc_system_wrapper.hdf.
22:26:16 INFO  : Checking for hwspec changes in the project uc_system_wrapper_hw_platform_1.
22:26:16 INFO  : SDK has detected change in the last modified timestamps for source hardware specification file Source:1514143545000,  Project:1513977322000
22:26:16 INFO  : The hardware specification for project 'uc_system_wrapper_hw_platform_1' is different from /home/izoomko/wrk/4grade/io/lab3/lab2.sdk/uc_system_wrapper.hdf.
22:26:17 INFO  : Copied contents of /home/izoomko/wrk/4grade/io/lab3/lab2.sdk/uc_system_wrapper.hdf into /uc_system_wrapper_hw_platform_1/system.hdf.
22:26:17 INFO  : Synchronizing projects in the workspace with the hardware platform specification changes.
22:26:17 INFO  : Clearing existing target manager status.
22:26:23 INFO  : Workspace synchronized with the new hardware specification file. Cleaning dependent projects...
22:26:23 WARN  : Linker script will not be updated automatically. Users need to update it manually.
23:13:37 ERROR : Unexpected error while parsing XMD response ￿: com.google.gson.JsonSyntaxException: com.google.gson.stream.MalformedJsonException: invalid number or unquoted string near 
23:17:10 INFO  : Registering command handlers for SDK TCF services
23:17:11 INFO  : Launching XSCT server: xsct -n -interactive /home/izoomko/wrk/4grade/io/lab3/lab2.sdk/temp_xsdb_launch_script.tcl
23:17:14 INFO  : XSCT server has started successfully.
23:17:14 INFO  : Successfully done setting XSCT server connection channel  
23:17:19 INFO  : Successfully done setting SDK workspace  
23:17:19 INFO  : Processing command line option -hwspec /home/izoomko/wrk/4grade/io/lab3/lab2.sdk/uc_system_wrapper.hdf.
23:17:19 INFO  : Checking for hwspec changes in the project uc_system_wrapper_hw_platform_1.
23:17:19 INFO  : SDK has detected change in the last modified timestamps for source hardware specification file Source:1514232880000,  Project:1514143545000
23:17:19 INFO  : The hardware specification for project 'uc_system_wrapper_hw_platform_1' is different from /home/izoomko/wrk/4grade/io/lab3/lab2.sdk/uc_system_wrapper.hdf.
23:17:19 INFO  : Copied contents of /home/izoomko/wrk/4grade/io/lab3/lab2.sdk/uc_system_wrapper.hdf into /uc_system_wrapper_hw_platform_1/system.hdf.
23:17:20 INFO  : Synchronizing projects in the workspace with the hardware platform specification changes.
23:17:20 INFO  : Clearing existing target manager status.
23:17:27 INFO  : Workspace synchronized with the new hardware specification file. Cleaning dependent projects...
23:17:27 WARN  : Linker script will not be updated automatically. Users need to update it manually.
00:43:48 ERROR : Unexpected error while parsing XMD response ￿: com.google.gson.JsonSyntaxException: com.google.gson.stream.MalformedJsonException: invalid number or unquoted string near 
