Copyright 1986-2017 Xilinx, Inc. All Rights Reserved.
-----------------------------------------------------------------------------------------------------------------------------------------
| Tool Version : Vivado v.2017.2 (lin64) Build 1909853 Thu Jun 15 18:39:10 MDT 2017
| Date         : Sun Jan 14 13:29:01 2018
| Host         : sirius running 64-bit Debian GNU/Linux oldstable-updates (sid)
| Command      : report_methodology -file uc_system_wrapper_methodology_drc_routed.rpt -rpx uc_system_wrapper_methodology_drc_routed.rpx
| Design       : uc_system_wrapper
| Device       : xc7a100tcsg324-1
| Speed File   : -1
| Design State : Routed
-----------------------------------------------------------------------------------------------------------------------------------------

Report Methodology

Table of Contents
-----------------
1. REPORT SUMMARY
2. REPORT DETAILS

1. REPORT SUMMARY
-----------------
            Netlist: netlist
          Floorplan: design_1
      Design limits: <entire design considered>
             Max violations: <unlimited>
             Violations found: 91
+-----------+----------+-------------------------------+------------+
| Rule      | Severity | Description                   | Violations |
+-----------+----------+-------------------------------+------------+
| TIMING-18 | Warning  | Missing input or output delay | 20         |
| TIMING-20 | Warning  | Non-clocked latch             | 71         |
+-----------+----------+-------------------------------+------------+

2. REPORT DETAILS
-----------------
TIMING-18#1 Warning
Missing input or output delay  
An input delay is missing on reset_rtl relative to clock(s) clock_rtl 
Related violations: <none>

TIMING-18#2 Warning
Missing input or output delay  
An input delay is missing on uart_rtl_rxd relative to clock(s) clock_rtl 
Related violations: <none>

TIMING-18#3 Warning
Missing input or output delay  
An output delay is missing on gpio_rtl_tri_o[0] relative to clock(s) clock_rtl 
Related violations: <none>

TIMING-18#4 Warning
Missing input or output delay  
An output delay is missing on gpio_rtl_tri_o[10] relative to clock(s) clock_rtl 
Related violations: <none>

TIMING-18#5 Warning
Missing input or output delay  
An output delay is missing on gpio_rtl_tri_o[11] relative to clock(s) clock_rtl 
Related violations: <none>

TIMING-18#6 Warning
Missing input or output delay  
An output delay is missing on gpio_rtl_tri_o[12] relative to clock(s) clock_rtl 
Related violations: <none>

TIMING-18#7 Warning
Missing input or output delay  
An output delay is missing on gpio_rtl_tri_o[13] relative to clock(s) clock_rtl 
Related violations: <none>

TIMING-18#8 Warning
Missing input or output delay  
An output delay is missing on gpio_rtl_tri_o[14] relative to clock(s) clock_rtl 
Related violations: <none>

TIMING-18#9 Warning
Missing input or output delay  
An output delay is missing on gpio_rtl_tri_o[15] relative to clock(s) clock_rtl 
Related violations: <none>

TIMING-18#10 Warning
Missing input or output delay  
An output delay is missing on gpio_rtl_tri_o[1] relative to clock(s) clock_rtl 
Related violations: <none>

TIMING-18#11 Warning
Missing input or output delay  
An output delay is missing on gpio_rtl_tri_o[2] relative to clock(s) clock_rtl 
Related violations: <none>

TIMING-18#12 Warning
Missing input or output delay  
An output delay is missing on gpio_rtl_tri_o[3] relative to clock(s) clock_rtl 
Related violations: <none>

TIMING-18#13 Warning
Missing input or output delay  
An output delay is missing on gpio_rtl_tri_o[4] relative to clock(s) clock_rtl 
Related violations: <none>

TIMING-18#14 Warning
Missing input or output delay  
An output delay is missing on gpio_rtl_tri_o[5] relative to clock(s) clock_rtl 
Related violations: <none>

TIMING-18#15 Warning
Missing input or output delay  
An output delay is missing on gpio_rtl_tri_o[6] relative to clock(s) clock_rtl 
Related violations: <none>

TIMING-18#16 Warning
Missing input or output delay  
An output delay is missing on gpio_rtl_tri_o[7] relative to clock(s) clock_rtl 
Related violations: <none>

TIMING-18#17 Warning
Missing input or output delay  
An output delay is missing on gpio_rtl_tri_o[8] relative to clock(s) clock_rtl 
Related violations: <none>

TIMING-18#18 Warning
Missing input or output delay  
An output delay is missing on gpio_rtl_tri_o[9] relative to clock(s) clock_rtl 
Related violations: <none>

TIMING-18#19 Warning
Missing input or output delay  
An output delay is missing on pwm0 relative to clock(s) clock_rtl 
Related violations: <none>

TIMING-18#20 Warning
Missing input or output delay  
An output delay is missing on uart_rtl_txd relative to clock(s) clock_rtl 
Related violations: <none>

TIMING-20#1 Warning
Non-clocked latch  
The latch uc_system_i/BRAMInterconnect_0/inst/rddata_bo_reg[0] cannot be properly analyzed as its control pin uc_system_i/BRAMInterconnect_0/inst/rddata_bo_reg[0]/G is not reached by a timing clock
Related violations: <none>

TIMING-20#2 Warning
Non-clocked latch  
The latch uc_system_i/BRAMInterconnect_0/inst/rddata_bo_reg[10] cannot be properly analyzed as its control pin uc_system_i/BRAMInterconnect_0/inst/rddata_bo_reg[10]/G is not reached by a timing clock
Related violations: <none>

TIMING-20#3 Warning
Non-clocked latch  
The latch uc_system_i/BRAMInterconnect_0/inst/rddata_bo_reg[11] cannot be properly analyzed as its control pin uc_system_i/BRAMInterconnect_0/inst/rddata_bo_reg[11]/G is not reached by a timing clock
Related violations: <none>

TIMING-20#4 Warning
Non-clocked latch  
The latch uc_system_i/BRAMInterconnect_0/inst/rddata_bo_reg[12] cannot be properly analyzed as its control pin uc_system_i/BRAMInterconnect_0/inst/rddata_bo_reg[12]/G is not reached by a timing clock
Related violations: <none>

TIMING-20#5 Warning
Non-clocked latch  
The latch uc_system_i/BRAMInterconnect_0/inst/rddata_bo_reg[13] cannot be properly analyzed as its control pin uc_system_i/BRAMInterconnect_0/inst/rddata_bo_reg[13]/G is not reached by a timing clock
Related violations: <none>

TIMING-20#6 Warning
Non-clocked latch  
The latch uc_system_i/BRAMInterconnect_0/inst/rddata_bo_reg[14] cannot be properly analyzed as its control pin uc_system_i/BRAMInterconnect_0/inst/rddata_bo_reg[14]/G is not reached by a timing clock
Related violations: <none>

TIMING-20#7 Warning
Non-clocked latch  
The latch uc_system_i/BRAMInterconnect_0/inst/rddata_bo_reg[15] cannot be properly analyzed as its control pin uc_system_i/BRAMInterconnect_0/inst/rddata_bo_reg[15]/G is not reached by a timing clock
Related violations: <none>

TIMING-20#8 Warning
Non-clocked latch  
The latch uc_system_i/BRAMInterconnect_0/inst/rddata_bo_reg[16] cannot be properly analyzed as its control pin uc_system_i/BRAMInterconnect_0/inst/rddata_bo_reg[16]/G is not reached by a timing clock
Related violations: <none>

TIMING-20#9 Warning
Non-clocked latch  
The latch uc_system_i/BRAMInterconnect_0/inst/rddata_bo_reg[17] cannot be properly analyzed as its control pin uc_system_i/BRAMInterconnect_0/inst/rddata_bo_reg[17]/G is not reached by a timing clock
Related violations: <none>

TIMING-20#10 Warning
Non-clocked latch  
The latch uc_system_i/BRAMInterconnect_0/inst/rddata_bo_reg[18] cannot be properly analyzed as its control pin uc_system_i/BRAMInterconnect_0/inst/rddata_bo_reg[18]/G is not reached by a timing clock
Related violations: <none>

TIMING-20#11 Warning
Non-clocked latch  
The latch uc_system_i/BRAMInterconnect_0/inst/rddata_bo_reg[19] cannot be properly analyzed as its control pin uc_system_i/BRAMInterconnect_0/inst/rddata_bo_reg[19]/G is not reached by a timing clock
Related violations: <none>

TIMING-20#12 Warning
Non-clocked latch  
The latch uc_system_i/BRAMInterconnect_0/inst/rddata_bo_reg[1] cannot be properly analyzed as its control pin uc_system_i/BRAMInterconnect_0/inst/rddata_bo_reg[1]/G is not reached by a timing clock
Related violations: <none>

TIMING-20#13 Warning
Non-clocked latch  
The latch uc_system_i/BRAMInterconnect_0/inst/rddata_bo_reg[20] cannot be properly analyzed as its control pin uc_system_i/BRAMInterconnect_0/inst/rddata_bo_reg[20]/G is not reached by a timing clock
Related violations: <none>

TIMING-20#14 Warning
Non-clocked latch  
The latch uc_system_i/BRAMInterconnect_0/inst/rddata_bo_reg[21] cannot be properly analyzed as its control pin uc_system_i/BRAMInterconnect_0/inst/rddata_bo_reg[21]/G is not reached by a timing clock
Related violations: <none>

TIMING-20#15 Warning
Non-clocked latch  
The latch uc_system_i/BRAMInterconnect_0/inst/rddata_bo_reg[22] cannot be properly analyzed as its control pin uc_system_i/BRAMInterconnect_0/inst/rddata_bo_reg[22]/G is not reached by a timing clock
Related violations: <none>

TIMING-20#16 Warning
Non-clocked latch  
The latch uc_system_i/BRAMInterconnect_0/inst/rddata_bo_reg[23] cannot be properly analyzed as its control pin uc_system_i/BRAMInterconnect_0/inst/rddata_bo_reg[23]/G is not reached by a timing clock
Related violations: <none>

TIMING-20#17 Warning
Non-clocked latch  
The latch uc_system_i/BRAMInterconnect_0/inst/rddata_bo_reg[24] cannot be properly analyzed as its control pin uc_system_i/BRAMInterconnect_0/inst/rddata_bo_reg[24]/G is not reached by a timing clock
Related violations: <none>

TIMING-20#18 Warning
Non-clocked latch  
The latch uc_system_i/BRAMInterconnect_0/inst/rddata_bo_reg[25] cannot be properly analyzed as its control pin uc_system_i/BRAMInterconnect_0/inst/rddata_bo_reg[25]/G is not reached by a timing clock
Related violations: <none>

TIMING-20#19 Warning
Non-clocked latch  
The latch uc_system_i/BRAMInterconnect_0/inst/rddata_bo_reg[26] cannot be properly analyzed as its control pin uc_system_i/BRAMInterconnect_0/inst/rddata_bo_reg[26]/G is not reached by a timing clock
Related violations: <none>

TIMING-20#20 Warning
Non-clocked latch  
The latch uc_system_i/BRAMInterconnect_0/inst/rddata_bo_reg[27] cannot be properly analyzed as its control pin uc_system_i/BRAMInterconnect_0/inst/rddata_bo_reg[27]/G is not reached by a timing clock
Related violations: <none>

TIMING-20#21 Warning
Non-clocked latch  
The latch uc_system_i/BRAMInterconnect_0/inst/rddata_bo_reg[28] cannot be properly analyzed as its control pin uc_system_i/BRAMInterconnect_0/inst/rddata_bo_reg[28]/G is not reached by a timing clock
Related violations: <none>

TIMING-20#22 Warning
Non-clocked latch  
The latch uc_system_i/BRAMInterconnect_0/inst/rddata_bo_reg[29] cannot be properly analyzed as its control pin uc_system_i/BRAMInterconnect_0/inst/rddata_bo_reg[29]/G is not reached by a timing clock
Related violations: <none>

TIMING-20#23 Warning
Non-clocked latch  
The latch uc_system_i/BRAMInterconnect_0/inst/rddata_bo_reg[2] cannot be properly analyzed as its control pin uc_system_i/BRAMInterconnect_0/inst/rddata_bo_reg[2]/G is not reached by a timing clock
Related violations: <none>

TIMING-20#24 Warning
Non-clocked latch  
The latch uc_system_i/BRAMInterconnect_0/inst/rddata_bo_reg[30] cannot be properly analyzed as its control pin uc_system_i/BRAMInterconnect_0/inst/rddata_bo_reg[30]/G is not reached by a timing clock
Related violations: <none>

TIMING-20#25 Warning
Non-clocked latch  
The latch uc_system_i/BRAMInterconnect_0/inst/rddata_bo_reg[31] cannot be properly analyzed as its control pin uc_system_i/BRAMInterconnect_0/inst/rddata_bo_reg[31]/G is not reached by a timing clock
Related violations: <none>

TIMING-20#26 Warning
Non-clocked latch  
The latch uc_system_i/BRAMInterconnect_0/inst/rddata_bo_reg[3] cannot be properly analyzed as its control pin uc_system_i/BRAMInterconnect_0/inst/rddata_bo_reg[3]/G is not reached by a timing clock
Related violations: <none>

TIMING-20#27 Warning
Non-clocked latch  
The latch uc_system_i/BRAMInterconnect_0/inst/rddata_bo_reg[4] cannot be properly analyzed as its control pin uc_system_i/BRAMInterconnect_0/inst/rddata_bo_reg[4]/G is not reached by a timing clock
Related violations: <none>

TIMING-20#28 Warning
Non-clocked latch  
The latch uc_system_i/BRAMInterconnect_0/inst/rddata_bo_reg[5] cannot be properly analyzed as its control pin uc_system_i/BRAMInterconnect_0/inst/rddata_bo_reg[5]/G is not reached by a timing clock
Related violations: <none>

TIMING-20#29 Warning
Non-clocked latch  
The latch uc_system_i/BRAMInterconnect_0/inst/rddata_bo_reg[6] cannot be properly analyzed as its control pin uc_system_i/BRAMInterconnect_0/inst/rddata_bo_reg[6]/G is not reached by a timing clock
Related violations: <none>

TIMING-20#30 Warning
Non-clocked latch  
The latch uc_system_i/BRAMInterconnect_0/inst/rddata_bo_reg[7] cannot be properly analyzed as its control pin uc_system_i/BRAMInterconnect_0/inst/rddata_bo_reg[7]/G is not reached by a timing clock
Related violations: <none>

TIMING-20#31 Warning
Non-clocked latch  
The latch uc_system_i/BRAMInterconnect_0/inst/rddata_bo_reg[8] cannot be properly analyzed as its control pin uc_system_i/BRAMInterconnect_0/inst/rddata_bo_reg[8]/G is not reached by a timing clock
Related violations: <none>

TIMING-20#32 Warning
Non-clocked latch  
The latch uc_system_i/BRAMInterconnect_0/inst/rddata_bo_reg[9] cannot be properly analyzed as its control pin uc_system_i/BRAMInterconnect_0/inst/rddata_bo_reg[9]/G is not reached by a timing clock
Related violations: <none>

TIMING-20#33 Warning
Non-clocked latch  
The latch uc_system_i/IC_0/inst/rddata_bo_reg[0] cannot be properly analyzed as its control pin uc_system_i/IC_0/inst/rddata_bo_reg[0]/G is not reached by a timing clock
Related violations: <none>

TIMING-20#34 Warning
Non-clocked latch  
The latch uc_system_i/IC_0/inst/rddata_bo_reg[10] cannot be properly analyzed as its control pin uc_system_i/IC_0/inst/rddata_bo_reg[10]/G is not reached by a timing clock
Related violations: <none>

TIMING-20#35 Warning
Non-clocked latch  
The latch uc_system_i/IC_0/inst/rddata_bo_reg[11] cannot be properly analyzed as its control pin uc_system_i/IC_0/inst/rddata_bo_reg[11]/G is not reached by a timing clock
Related violations: <none>

TIMING-20#36 Warning
Non-clocked latch  
The latch uc_system_i/IC_0/inst/rddata_bo_reg[12] cannot be properly analyzed as its control pin uc_system_i/IC_0/inst/rddata_bo_reg[12]/G is not reached by a timing clock
Related violations: <none>

TIMING-20#37 Warning
Non-clocked latch  
The latch uc_system_i/IC_0/inst/rddata_bo_reg[13] cannot be properly analyzed as its control pin uc_system_i/IC_0/inst/rddata_bo_reg[13]/G is not reached by a timing clock
Related violations: <none>

TIMING-20#38 Warning
Non-clocked latch  
The latch uc_system_i/IC_0/inst/rddata_bo_reg[14] cannot be properly analyzed as its control pin uc_system_i/IC_0/inst/rddata_bo_reg[14]/G is not reached by a timing clock
Related violations: <none>

TIMING-20#39 Warning
Non-clocked latch  
The latch uc_system_i/IC_0/inst/rddata_bo_reg[15] cannot be properly analyzed as its control pin uc_system_i/IC_0/inst/rddata_bo_reg[15]/G is not reached by a timing clock
Related violations: <none>

TIMING-20#40 Warning
Non-clocked latch  
The latch uc_system_i/IC_0/inst/rddata_bo_reg[16] cannot be properly analyzed as its control pin uc_system_i/IC_0/inst/rddata_bo_reg[16]/G is not reached by a timing clock
Related violations: <none>

TIMING-20#41 Warning
Non-clocked latch  
The latch uc_system_i/IC_0/inst/rddata_bo_reg[17] cannot be properly analyzed as its control pin uc_system_i/IC_0/inst/rddata_bo_reg[17]/G is not reached by a timing clock
Related violations: <none>

TIMING-20#42 Warning
Non-clocked latch  
The latch uc_system_i/IC_0/inst/rddata_bo_reg[18] cannot be properly analyzed as its control pin uc_system_i/IC_0/inst/rddata_bo_reg[18]/G is not reached by a timing clock
Related violations: <none>

TIMING-20#43 Warning
Non-clocked latch  
The latch uc_system_i/IC_0/inst/rddata_bo_reg[19] cannot be properly analyzed as its control pin uc_system_i/IC_0/inst/rddata_bo_reg[19]/G is not reached by a timing clock
Related violations: <none>

TIMING-20#44 Warning
Non-clocked latch  
The latch uc_system_i/IC_0/inst/rddata_bo_reg[1] cannot be properly analyzed as its control pin uc_system_i/IC_0/inst/rddata_bo_reg[1]/G is not reached by a timing clock
Related violations: <none>

TIMING-20#45 Warning
Non-clocked latch  
The latch uc_system_i/IC_0/inst/rddata_bo_reg[20] cannot be properly analyzed as its control pin uc_system_i/IC_0/inst/rddata_bo_reg[20]/G is not reached by a timing clock
Related violations: <none>

TIMING-20#46 Warning
Non-clocked latch  
The latch uc_system_i/IC_0/inst/rddata_bo_reg[21] cannot be properly analyzed as its control pin uc_system_i/IC_0/inst/rddata_bo_reg[21]/G is not reached by a timing clock
Related violations: <none>

TIMING-20#47 Warning
Non-clocked latch  
The latch uc_system_i/IC_0/inst/rddata_bo_reg[22] cannot be properly analyzed as its control pin uc_system_i/IC_0/inst/rddata_bo_reg[22]/G is not reached by a timing clock
Related violations: <none>

TIMING-20#48 Warning
Non-clocked latch  
The latch uc_system_i/IC_0/inst/rddata_bo_reg[23] cannot be properly analyzed as its control pin uc_system_i/IC_0/inst/rddata_bo_reg[23]/G is not reached by a timing clock
Related violations: <none>

TIMING-20#49 Warning
Non-clocked latch  
The latch uc_system_i/IC_0/inst/rddata_bo_reg[24] cannot be properly analyzed as its control pin uc_system_i/IC_0/inst/rddata_bo_reg[24]/G is not reached by a timing clock
Related violations: <none>

TIMING-20#50 Warning
Non-clocked latch  
The latch uc_system_i/IC_0/inst/rddata_bo_reg[25] cannot be properly analyzed as its control pin uc_system_i/IC_0/inst/rddata_bo_reg[25]/G is not reached by a timing clock
Related violations: <none>

TIMING-20#51 Warning
Non-clocked latch  
The latch uc_system_i/IC_0/inst/rddata_bo_reg[26] cannot be properly analyzed as its control pin uc_system_i/IC_0/inst/rddata_bo_reg[26]/G is not reached by a timing clock
Related violations: <none>

TIMING-20#52 Warning
Non-clocked latch  
The latch uc_system_i/IC_0/inst/rddata_bo_reg[27] cannot be properly analyzed as its control pin uc_system_i/IC_0/inst/rddata_bo_reg[27]/G is not reached by a timing clock
Related violations: <none>

TIMING-20#53 Warning
Non-clocked latch  
The latch uc_system_i/IC_0/inst/rddata_bo_reg[28] cannot be properly analyzed as its control pin uc_system_i/IC_0/inst/rddata_bo_reg[28]/G is not reached by a timing clock
Related violations: <none>

TIMING-20#54 Warning
Non-clocked latch  
The latch uc_system_i/IC_0/inst/rddata_bo_reg[29] cannot be properly analyzed as its control pin uc_system_i/IC_0/inst/rddata_bo_reg[29]/G is not reached by a timing clock
Related violations: <none>

TIMING-20#55 Warning
Non-clocked latch  
The latch uc_system_i/IC_0/inst/rddata_bo_reg[2] cannot be properly analyzed as its control pin uc_system_i/IC_0/inst/rddata_bo_reg[2]/G is not reached by a timing clock
Related violations: <none>

TIMING-20#56 Warning
Non-clocked latch  
The latch uc_system_i/IC_0/inst/rddata_bo_reg[30] cannot be properly analyzed as its control pin uc_system_i/IC_0/inst/rddata_bo_reg[30]/G is not reached by a timing clock
Related violations: <none>

TIMING-20#57 Warning
Non-clocked latch  
The latch uc_system_i/IC_0/inst/rddata_bo_reg[31] cannot be properly analyzed as its control pin uc_system_i/IC_0/inst/rddata_bo_reg[31]/G is not reached by a timing clock
Related violations: <none>

TIMING-20#58 Warning
Non-clocked latch  
The latch uc_system_i/IC_0/inst/rddata_bo_reg[3] cannot be properly analyzed as its control pin uc_system_i/IC_0/inst/rddata_bo_reg[3]/G is not reached by a timing clock
Related violations: <none>

TIMING-20#59 Warning
Non-clocked latch  
The latch uc_system_i/IC_0/inst/rddata_bo_reg[4] cannot be properly analyzed as its control pin uc_system_i/IC_0/inst/rddata_bo_reg[4]/G is not reached by a timing clock
Related violations: <none>

TIMING-20#60 Warning
Non-clocked latch  
The latch uc_system_i/IC_0/inst/rddata_bo_reg[5] cannot be properly analyzed as its control pin uc_system_i/IC_0/inst/rddata_bo_reg[5]/G is not reached by a timing clock
Related violations: <none>

TIMING-20#61 Warning
Non-clocked latch  
The latch uc_system_i/IC_0/inst/rddata_bo_reg[6] cannot be properly analyzed as its control pin uc_system_i/IC_0/inst/rddata_bo_reg[6]/G is not reached by a timing clock
Related violations: <none>

TIMING-20#62 Warning
Non-clocked latch  
The latch uc_system_i/IC_0/inst/rddata_bo_reg[7] cannot be properly analyzed as its control pin uc_system_i/IC_0/inst/rddata_bo_reg[7]/G is not reached by a timing clock
Related violations: <none>

TIMING-20#63 Warning
Non-clocked latch  
The latch uc_system_i/IC_0/inst/rddata_bo_reg[8] cannot be properly analyzed as its control pin uc_system_i/IC_0/inst/rddata_bo_reg[8]/G is not reached by a timing clock
Related violations: <none>

TIMING-20#64 Warning
Non-clocked latch  
The latch uc_system_i/IC_0/inst/rddata_bo_reg[9] cannot be properly analyzed as its control pin uc_system_i/IC_0/inst/rddata_bo_reg[9]/G is not reached by a timing clock
Related violations: <none>

TIMING-20#65 Warning
Non-clocked latch  
The latch uc_system_i/IC_0/inst/u_prescaler/next_counter_reg[0] cannot be properly analyzed as its control pin uc_system_i/IC_0/inst/u_prescaler/next_counter_reg[0]/G is not reached by a timing clock
Related violations: <none>

TIMING-20#66 Warning
Non-clocked latch  
The latch uc_system_i/IC_0/inst/u_prescaler/next_counter_reg[1] cannot be properly analyzed as its control pin uc_system_i/IC_0/inst/u_prescaler/next_counter_reg[1]/G is not reached by a timing clock
Related violations: <none>

TIMING-20#67 Warning
Non-clocked latch  
The latch uc_system_i/IC_0/inst/u_prescaler/next_counter_reg[2] cannot be properly analyzed as its control pin uc_system_i/IC_0/inst/u_prescaler/next_counter_reg[2]/G is not reached by a timing clock
Related violations: <none>

TIMING-20#68 Warning
Non-clocked latch  
The latch uc_system_i/IC_0/inst/u_prescaler/next_counter_reg[3] cannot be properly analyzed as its control pin uc_system_i/IC_0/inst/u_prescaler/next_counter_reg[3]/G is not reached by a timing clock
Related violations: <none>

TIMING-20#69 Warning
Non-clocked latch  
The latch uc_system_i/IC_0/inst/u_prescaler/next_counter_reg[4] cannot be properly analyzed as its control pin uc_system_i/IC_0/inst/u_prescaler/next_counter_reg[4]/G is not reached by a timing clock
Related violations: <none>

TIMING-20#70 Warning
Non-clocked latch  
The latch uc_system_i/IC_0/inst/u_prescaler/next_counter_reg[5] cannot be properly analyzed as its control pin uc_system_i/IC_0/inst/u_prescaler/next_counter_reg[5]/G is not reached by a timing clock
Related violations: <none>

TIMING-20#71 Warning
Non-clocked latch  
The latch uc_system_i/IC_0/inst/write_reg cannot be properly analyzed as its control pin uc_system_i/IC_0/inst/write_reg/G is not reached by a timing clock
Related violations: <none>


