#-----------------------------------------------------------
# updatemem v2017.2 (64-bit)
# SW Build 1909853 on Thu Jun 15 18:39:10 MDT 2017
# IP Build 1909766 on Thu Jun 15 19:58:00 MDT 2017
# Start of session at: Mon Jan 15 11:36:58 2018
# Process ID: 6912
# Current directory: /home/izoomko/wrk/4grade/io/lab3
# Command line: updatemem -mode batch -source /home/izoomko/Soft/xilinx/Vivado/2017.2/scripts/updatemem/main.tcl -notrace -tclargs -meminfo mem.mmi -data ./lab2.sdk/uart/Debug/uart.elf -proc uc_system_i/microblaze_0 -bit wra.bit -out test.bit
# Log file: /home/izoomko/wrk/4grade/io/lab3/updatemem.log
# Journal file: /home/izoomko/wrk/4grade/io/lab3/updatemem.jou
#-----------------------------------------------------------
source /home/izoomko/Soft/xilinx/Vivado/2017.2/scripts/updatemem/main.tcl -notrace
Command: update_mem -meminfo mem.mmi -data ./lab2.sdk/uart/Debug/uart.elf -proc uc_system_i/microblaze_0 -bit wra.bit -out test.bit
Loading bitfile wra.bit
Loading data files...
Updating memory content...
Creating bitstream...
Writing bitstream test.bit...
0 Infos, 0 Warnings, 0 Critical Warnings and 0 Errors encountered.
update_mem completed successfully
update_mem: Time (s): cpu = 00:00:27 ; elapsed = 00:00:29 . Memory (MB): peak = 884.668 ; gain = 384.000 ; free physical = 279 ; free virtual = 14942
INFO: [Common 17-206] Exiting updatemem at Mon Jan 15 11:37:30 2018...
