srcscan starts
INFO: analyzing module m00_couplers_imp_1I5IBZW (VERI-9002)
INFO: analyzing module m01_couplers_imp_5RMMHW (VERI-9002)
INFO: analyzing module m02_couplers_imp_1EY65SD (VERI-9002)
INFO: analyzing module m03_couplers_imp_QRT0UT (VERI-9002)
INFO: analyzing module microblaze_0_local_memory_imp_1DGYSR8 (VERI-9002)
INFO: analyzing module s00_couplers_imp_P907S0 (VERI-9002)
INFO: analyzing module uc_system (VERI-9002)
INFO: analyzing module uc_system_microblaze_0_axi_periph_0 (VERI-9002)
Listing tops:
VeriTop library:xil_defaultlib mod:uc_system
END of tops
/home/izoomko/wrk/4grade/io/lab3/lab2.srcs/sources_1/bd/uc_system/hdl/uc_system.v(1059): INFO: compiling module uc_system (VERI-1018)
/home/izoomko/wrk/4grade/io/lab3/lab2.srcs/sources_1/bd/uc_system/hdl/uc_system.v(1238): WARNING: Module <uc_system_BRAMInterconnect_0_0> not found while processing module instance <BRAMInterconnect_0> (VERI-1063)
/home/izoomko/wrk/4grade/io/lab3/lab2.srcs/sources_1/bd/uc_system/hdl/uc_system.v(1261): WARNING: Module <uc_system_IC_0_0> not found while processing module instance <IC_0> (VERI-1063)
/home/izoomko/wrk/4grade/io/lab3/lab2.srcs/sources_1/bd/uc_system/hdl/uc_system.v(1272): WARNING: Module <uc_system_Timer_0_0> not found while processing module instance <Timer_0> (VERI-1063)
/home/izoomko/wrk/4grade/io/lab3/lab2.srcs/sources_1/bd/uc_system/hdl/uc_system.v(1281): WARNING: Module <uc_system_Timer_1_0> not found while processing module instance <Timer_1> (VERI-1063)
/home/izoomko/wrk/4grade/io/lab3/lab2.srcs/sources_1/bd/uc_system/hdl/uc_system.v(1290): WARNING: Module <uc_system_axi_bram_ctrl_0_0> not found while processing module instance <axi_bram_ctrl_0> (VERI-1063)
/home/izoomko/wrk/4grade/io/lab3/lab2.srcs/sources_1/bd/uc_system/hdl/uc_system.v(1330): WARNING: Module <uc_system_axi_gpio_0_0> not found while processing module instance <axi_gpio_0> (VERI-1063)
/home/izoomko/wrk/4grade/io/lab3/lab2.srcs/sources_1/bd/uc_system/hdl/uc_system.v(1351): WARNING: Module <uc_system_axi_timer_0_0> not found while processing module instance <axi_timer_0> (VERI-1063)
/home/izoomko/wrk/4grade/io/lab3/lab2.srcs/sources_1/bd/uc_system/hdl/uc_system.v(1375): WARNING: Module <uc_system_axi_uartlite_0_0> not found while processing module instance <axi_uartlite_0> (VERI-1063)
/home/izoomko/wrk/4grade/io/lab3/lab2.srcs/sources_1/bd/uc_system/hdl/uc_system.v(1397): WARNING: Module <uc_system_clk_wiz_0_0> not found while processing module instance <clk_wiz_0> (VERI-1063)
/home/izoomko/wrk/4grade/io/lab3/lab2.srcs/sources_1/bd/uc_system/hdl/uc_system.v(1402): WARNING: Module <uc_system_microblaze_0_0> not found while processing module instance <microblaze_0> (VERI-1063)
/home/izoomko/wrk/4grade/io/lab3/lab2.srcs/sources_1/bd/uc_system/hdl/uc_system.v(623): WARNING: Module <uc_system_auto_pc_0> not found while processing module instance <auto_pc> (VERI-1063)
/home/izoomko/wrk/4grade/io/lab3/lab2.srcs/sources_1/bd/uc_system/hdl/uc_system.v(2365): WARNING: Module <uc_system_xbar_1> not found while processing module instance <xbar> (VERI-1063)
/home/izoomko/wrk/4grade/io/lab3/lab2.srcs/sources_1/bd/uc_system/hdl/uc_system.v(801): WARNING: Module <uc_system_dlmb_bram_if_cntlr_0> not found while processing module instance <dlmb_bram_if_cntlr> (VERI-1063)
/home/izoomko/wrk/4grade/io/lab3/lab2.srcs/sources_1/bd/uc_system/hdl/uc_system.v(824): WARNING: Module <uc_system_dlmb_v10_0> not found while processing module instance <dlmb_v10> (VERI-1063)
/home/izoomko/wrk/4grade/io/lab3/lab2.srcs/sources_1/bd/uc_system/hdl/uc_system.v(849): WARNING: Module <uc_system_ilmb_bram_if_cntlr_0> not found while processing module instance <ilmb_bram_if_cntlr> (VERI-1063)
/home/izoomko/wrk/4grade/io/lab3/lab2.srcs/sources_1/bd/uc_system/hdl/uc_system.v(870): WARNING: Module <uc_system_ilmb_v10_0> not found while processing module instance <ilmb_v10> (VERI-1063)
/home/izoomko/wrk/4grade/io/lab3/lab2.srcs/sources_1/bd/uc_system/hdl/uc_system.v(895): WARNING: Module <uc_system_lmb_bram_0> not found while processing module instance <lmb_bram> (VERI-1063)
/home/izoomko/wrk/4grade/io/lab3/lab2.srcs/sources_1/bd/uc_system/hdl/uc_system.v(1591): WARNING: Module <uc_system_proc_sys_reset_0_0> not found while processing module instance <proc_sys_reset_0> (VERI-1063)
srcscan exits with return value 0
