
*** Running vivado
    with args -log uc_system_ilmb_v10_0.vds -m64 -product Vivado -mode batch -messageDb vivado.pb -notrace -source uc_system_ilmb_v10_0.tcl


****** Vivado v2017.2 (64-bit)
  **** SW Build 1909853 on Thu Jun 15 18:39:10 MDT 2017
  **** IP Build 1909766 on Thu Jun 15 19:58:00 MDT 2017
    ** Copyright 1986-2017 Xilinx, Inc. All Rights Reserved.

source uc_system_ilmb_v10_0.tcl -notrace
Starting RTL Elaboration : Time (s): cpu = 00:00:07 ; elapsed = 00:00:07 . Memory (MB): peak = 1146.320 ; gain = 47.996 ; free physical = 1229 ; free virtual = 18247
INFO: [Synth 8-638] synthesizing module 'uc_system_ilmb_v10_0' [/home/izoomko/wrk/4grade/io/lab2/lab2.srcs/sources_1/bd/uc_system/ip/uc_system_ilmb_v10_0/synth/uc_system_ilmb_v10_0.vhd:89]
INFO: [Synth 8-638] synthesizing module 'lmb_v10' [/home/izoomko/wrk/4grade/io/lab2/lab2.srcs/sources_1/bd/uc_system/ipshared/162e/hdl/lmb_v10_v3_0_vh_rfs.vhd:140]
INFO: [Synth 8-638] synthesizing module 'FDS' [/home/izoomko/Soft/xilinx/Vivado/2017.2/scripts/rt/data/unisim_comp.v:4087]
INFO: [Synth 8-256] done synthesizing module 'FDS' (1#1) [/home/izoomko/Soft/xilinx/Vivado/2017.2/scripts/rt/data/unisim_comp.v:4087]
INFO: [Synth 8-256] done synthesizing module 'lmb_v10' (2#1) [/home/izoomko/wrk/4grade/io/lab2/lab2.srcs/sources_1/bd/uc_system/ipshared/162e/hdl/lmb_v10_v3_0_vh_rfs.vhd:140]
INFO: [Synth 8-256] done synthesizing module 'uc_system_ilmb_v10_0' (3#1) [/home/izoomko/wrk/4grade/io/lab2/lab2.srcs/sources_1/bd/uc_system/ip/uc_system_ilmb_v10_0/synth/uc_system_ilmb_v10_0.vhd:89]
Finished RTL Elaboration : Time (s): cpu = 00:00:09 ; elapsed = 00:00:09 . Memory (MB): peak = 1186.820 ; gain = 88.496 ; free physical = 1216 ; free virtual = 18251
Finished RTL Optimization Phase 1 : Time (s): cpu = 00:00:09 ; elapsed = 00:00:09 . Memory (MB): peak = 1186.820 ; gain = 88.496 ; free physical = 1200 ; free virtual = 18247
INFO: [Device 21-403] Loading part xc7a100tcsg324-1
Constraint Validation Runtime : Time (s): cpu = 00:00:00.04 ; elapsed = 00:00:00.04 . Memory (MB): peak = 1425.656 ; gain = 0.000 ; free physical = 786 ; free virtual = 17887
Finished Constraint Validation : Time (s): cpu = 00:00:28 ; elapsed = 00:00:29 . Memory (MB): peak = 1425.656 ; gain = 327.332 ; free physical = 826 ; free virtual = 17931
Finished Loading Part and Timing Information : Time (s): cpu = 00:00:28 ; elapsed = 00:00:29 . Memory (MB): peak = 1425.656 ; gain = 327.332 ; free physical = 826 ; free virtual = 17931
Finished applying 'set_property' XDC Constraints : Time (s): cpu = 00:00:28 ; elapsed = 00:00:29 . Memory (MB): peak = 1425.656 ; gain = 327.332 ; free physical = 828 ; free virtual = 17933
Finished RTL Optimization Phase 2 : Time (s): cpu = 00:00:28 ; elapsed = 00:00:29 . Memory (MB): peak = 1425.656 ; gain = 327.332 ; free physical = 825 ; free virtual = 17934
Finished Cross Boundary and Area Optimization : Time (s): cpu = 00:00:28 ; elapsed = 00:00:29 . Memory (MB): peak = 1425.656 ; gain = 327.332 ; free physical = 830 ; free virtual = 17938
Finished Applying XDC Timing Constraints : Time (s): cpu = 00:00:42 ; elapsed = 00:00:44 . Memory (MB): peak = 1458.656 ; gain = 360.332 ; free physical = 413 ; free virtual = 17520
Finished Timing Optimization : Time (s): cpu = 00:00:42 ; elapsed = 00:00:44 . Memory (MB): peak = 1458.656 ; gain = 360.332 ; free physical = 413 ; free virtual = 17520
Finished Technology Mapping : Time (s): cpu = 00:00:42 ; elapsed = 00:00:44 . Memory (MB): peak = 1467.672 ; gain = 369.348 ; free physical = 412 ; free virtual = 17519
Finished IO Insertion : Time (s): cpu = 00:00:43 ; elapsed = 00:00:45 . Memory (MB): peak = 1467.672 ; gain = 369.348 ; free physical = 510 ; free virtual = 17617
Finished Renaming Generated Instances : Time (s): cpu = 00:00:43 ; elapsed = 00:00:45 . Memory (MB): peak = 1467.672 ; gain = 369.348 ; free physical = 510 ; free virtual = 17617
Finished Rebuilding User Hierarchy : Time (s): cpu = 00:00:43 ; elapsed = 00:00:45 . Memory (MB): peak = 1467.672 ; gain = 369.348 ; free physical = 510 ; free virtual = 17617
Finished Renaming Generated Ports : Time (s): cpu = 00:00:43 ; elapsed = 00:00:45 . Memory (MB): peak = 1467.672 ; gain = 369.348 ; free physical = 510 ; free virtual = 17617
Finished Handling Custom Attributes : Time (s): cpu = 00:00:43 ; elapsed = 00:00:45 . Memory (MB): peak = 1467.672 ; gain = 369.348 ; free physical = 510 ; free virtual = 17617
Finished Renaming Generated Nets : Time (s): cpu = 00:00:43 ; elapsed = 00:00:45 . Memory (MB): peak = 1467.672 ; gain = 369.348 ; free physical = 510 ; free virtual = 17617

Report Cell Usage: 
+------+-----+------+
|      |Cell |Count |
+------+-----+------+
|1     |FDS  |     1|
+------+-----+------+
Finished Writing Synthesis Report : Time (s): cpu = 00:00:43 ; elapsed = 00:00:45 . Memory (MB): peak = 1467.672 ; gain = 369.348 ; free physical = 510 ; free virtual = 17617
synth_design: Time (s): cpu = 00:00:45 ; elapsed = 00:00:47 . Memory (MB): peak = 1474.672 ; gain = 388.934 ; free physical = 516 ; free virtual = 17623
