
*** Running vivado
    with args -log uc_system_auto_pc_0.vds -m64 -product Vivado -mode batch -messageDb vivado.pb -notrace -source uc_system_auto_pc_0.tcl


****** Vivado v2017.2 (64-bit)
  **** SW Build 1909853 on Thu Jun 15 18:39:10 MDT 2017
  **** IP Build 1909766 on Thu Jun 15 19:58:00 MDT 2017
    ** Copyright 1986-2017 Xilinx, Inc. All Rights Reserved.

source uc_system_auto_pc_0.tcl -notrace
Starting RTL Elaboration : Time (s): cpu = 00:00:09 ; elapsed = 00:00:09 . Memory (MB): peak = 1151.324 ; gain = 52.996 ; free physical = 578 ; free virtual = 16116
INFO: [Synth 8-638] synthesizing module 'uc_system_auto_pc_0' [/home/izoomko/wrk/4grade/io/lab3/lab2.srcs/sources_1/bd/uc_system/ip/uc_system_auto_pc_0/synth/uc_system_auto_pc_0.v:58]
INFO: [Synth 8-638] synthesizing module 'axi_protocol_converter_v2_1_13_axi_protocol_converter' [/home/izoomko/wrk/4grade/io/lab3/lab2.srcs/sources_1/bd/uc_system/ipshared/f0ae/hdl/axi_protocol_converter_v2_1_vl_rfs.v:4811]
INFO: [Synth 8-256] done synthesizing module 'axi_protocol_converter_v2_1_13_axi_protocol_converter' (1#1) [/home/izoomko/wrk/4grade/io/lab3/lab2.srcs/sources_1/bd/uc_system/ipshared/f0ae/hdl/axi_protocol_converter_v2_1_vl_rfs.v:4811]
INFO: [Synth 8-256] done synthesizing module 'uc_system_auto_pc_0' (2#1) [/home/izoomko/wrk/4grade/io/lab3/lab2.srcs/sources_1/bd/uc_system/ip/uc_system_auto_pc_0/synth/uc_system_auto_pc_0.v:58]
Finished RTL Elaboration : Time (s): cpu = 00:01:07 ; elapsed = 00:01:11 . Memory (MB): peak = 1272.824 ; gain = 174.496 ; free physical = 254 ; free virtual = 15657
Finished RTL Optimization Phase 1 : Time (s): cpu = 00:01:07 ; elapsed = 00:01:11 . Memory (MB): peak = 1272.824 ; gain = 174.496 ; free physical = 255 ; free virtual = 15658
INFO: [Device 21-403] Loading part xc7a100tcsg324-1
Constraint Validation Runtime : Time (s): cpu = 00:00:00.05 ; elapsed = 00:00:00.05 . Memory (MB): peak = 1431.973 ; gain = 0.000 ; free physical = 132 ; free virtual = 15255
Finished Constraint Validation : Time (s): cpu = 00:01:27 ; elapsed = 00:01:35 . Memory (MB): peak = 1431.973 ; gain = 333.645 ; free physical = 193 ; free virtual = 15333
Finished Loading Part and Timing Information : Time (s): cpu = 00:01:27 ; elapsed = 00:01:35 . Memory (MB): peak = 1431.973 ; gain = 333.645 ; free physical = 193 ; free virtual = 15333
Finished applying 'set_property' XDC Constraints : Time (s): cpu = 00:01:27 ; elapsed = 00:01:35 . Memory (MB): peak = 1431.973 ; gain = 333.645 ; free physical = 194 ; free virtual = 15335
Finished RTL Optimization Phase 2 : Time (s): cpu = 00:01:27 ; elapsed = 00:01:35 . Memory (MB): peak = 1431.973 ; gain = 333.645 ; free physical = 194 ; free virtual = 15335
Finished Cross Boundary and Area Optimization : Time (s): cpu = 00:01:27 ; elapsed = 00:01:36 . Memory (MB): peak = 1431.973 ; gain = 333.645 ; free physical = 194 ; free virtual = 15335
Finished Applying XDC Timing Constraints : Time (s): cpu = 00:01:43 ; elapsed = 00:01:52 . Memory (MB): peak = 1463.973 ; gain = 365.645 ; free physical = 130 ; free virtual = 15184
Finished Timing Optimization : Time (s): cpu = 00:01:43 ; elapsed = 00:01:52 . Memory (MB): peak = 1463.973 ; gain = 365.645 ; free physical = 128 ; free virtual = 15182
Finished Technology Mapping : Time (s): cpu = 00:01:43 ; elapsed = 00:01:52 . Memory (MB): peak = 1473.988 ; gain = 375.660 ; free physical = 145 ; free virtual = 15155
Finished IO Insertion : Time (s): cpu = 00:01:44 ; elapsed = 00:01:53 . Memory (MB): peak = 1473.988 ; gain = 375.660 ; free physical = 545 ; free virtual = 15551
Finished Renaming Generated Instances : Time (s): cpu = 00:01:44 ; elapsed = 00:01:53 . Memory (MB): peak = 1473.988 ; gain = 375.660 ; free physical = 545 ; free virtual = 15551
Finished Rebuilding User Hierarchy : Time (s): cpu = 00:01:44 ; elapsed = 00:01:53 . Memory (MB): peak = 1473.988 ; gain = 375.660 ; free physical = 545 ; free virtual = 15551
Finished Renaming Generated Ports : Time (s): cpu = 00:01:44 ; elapsed = 00:01:53 . Memory (MB): peak = 1473.988 ; gain = 375.660 ; free physical = 545 ; free virtual = 15551
Finished Handling Custom Attributes : Time (s): cpu = 00:01:44 ; elapsed = 00:01:53 . Memory (MB): peak = 1473.988 ; gain = 375.660 ; free physical = 545 ; free virtual = 15551
Finished Renaming Generated Nets : Time (s): cpu = 00:01:44 ; elapsed = 00:01:53 . Memory (MB): peak = 1473.988 ; gain = 375.660 ; free physical = 545 ; free virtual = 15551

Report Cell Usage: 
+-+-----+------+
| |Cell |Count |
+-+-----+------+
+-+-----+------+
Finished Writing Synthesis Report : Time (s): cpu = 00:01:44 ; elapsed = 00:01:53 . Memory (MB): peak = 1473.988 ; gain = 375.660 ; free physical = 545 ; free virtual = 15551
synth_design: Time (s): cpu = 00:01:46 ; elapsed = 00:01:57 . Memory (MB): peak = 1487.988 ; gain = 402.246 ; free physical = 483 ; free virtual = 15547
