
*** Running vivado
    with args -log uc_system_xbar_1.vds -m64 -product Vivado -mode batch -messageDb vivado.pb -notrace -source uc_system_xbar_1.tcl


****** Vivado v2017.2 (64-bit)
  **** SW Build 1909853 on Thu Jun 15 18:39:10 MDT 2017
  **** IP Build 1909766 on Thu Jun 15 19:58:00 MDT 2017
    ** Copyright 1986-2017 Xilinx, Inc. All Rights Reserved.

source uc_system_xbar_1.tcl -notrace
Starting RTL Elaboration : Time (s): cpu = 00:00:09 ; elapsed = 00:00:09 . Memory (MB): peak = 1161.320 ; gain = 62.996 ; free physical = 707 ; free virtual = 17724
INFO: [Synth 8-638] synthesizing module 'uc_system_xbar_1' [/home/izoomko/wrk/4grade/io/lab2/lab2.srcs/sources_1/bd/uc_system/ip/uc_system_xbar_1/synth/uc_system_xbar_1.v:59]
INFO: [Synth 8-638] synthesizing module 'axi_crossbar_v2_1_14_axi_crossbar' [/home/izoomko/wrk/4grade/io/lab2/lab2.srcs/sources_1/bd/uc_system/ipshared/f582/hdl/axi_crossbar_v2_1_vl_rfs.v:4882]
INFO: [Synth 8-638] synthesizing module 'axi_crossbar_v2_1_14_crossbar_sasd' [/home/izoomko/wrk/4grade/io/lab2/lab2.srcs/sources_1/bd/uc_system/ipshared/f582/hdl/axi_crossbar_v2_1_vl_rfs.v:1240]
INFO: [Synth 8-638] synthesizing module 'axi_crossbar_v2_1_14_addr_decoder' [/home/izoomko/wrk/4grade/io/lab2/lab2.srcs/sources_1/bd/uc_system/ipshared/f582/hdl/axi_crossbar_v2_1_vl_rfs.v:794]
INFO: [Synth 8-638] synthesizing module 'generic_baseblocks_v2_1_0_comparator_static' [/home/izoomko/wrk/4grade/io/lab2/lab2.srcs/sources_1/bd/uc_system/ipshared/f9c1/hdl/generic_baseblocks_v2_1_vl_rfs.v:2133]
INFO: [Synth 8-638] synthesizing module 'generic_baseblocks_v2_1_0_carry_and' [/home/izoomko/wrk/4grade/io/lab2/lab2.srcs/sources_1/bd/uc_system/ipshared/f9c1/hdl/generic_baseblocks_v2_1_vl_rfs.v:62]
INFO: [Synth 8-256] done synthesizing module 'generic_baseblocks_v2_1_0_carry_and' (1#1) [/home/izoomko/wrk/4grade/io/lab2/lab2.srcs/sources_1/bd/uc_system/ipshared/f9c1/hdl/generic_baseblocks_v2_1_vl_rfs.v:62]
INFO: [Synth 8-256] done synthesizing module 'generic_baseblocks_v2_1_0_comparator_static' (2#1) [/home/izoomko/wrk/4grade/io/lab2/lab2.srcs/sources_1/bd/uc_system/ipshared/f9c1/hdl/generic_baseblocks_v2_1_vl_rfs.v:2133]
INFO: [Synth 8-638] synthesizing module 'generic_baseblocks_v2_1_0_comparator_static__parameterized0' [/home/izoomko/wrk/4grade/io/lab2/lab2.srcs/sources_1/bd/uc_system/ipshared/f9c1/hdl/generic_baseblocks_v2_1_vl_rfs.v:2133]
INFO: [Synth 8-256] done synthesizing module 'generic_baseblocks_v2_1_0_comparator_static__parameterized0' (2#1) [/home/izoomko/wrk/4grade/io/lab2/lab2.srcs/sources_1/bd/uc_system/ipshared/f9c1/hdl/generic_baseblocks_v2_1_vl_rfs.v:2133]
INFO: [Synth 8-256] done synthesizing module 'axi_crossbar_v2_1_14_addr_decoder' (3#1) [/home/izoomko/wrk/4grade/io/lab2/lab2.srcs/sources_1/bd/uc_system/ipshared/f582/hdl/axi_crossbar_v2_1_vl_rfs.v:794]
INFO: [Synth 8-638] synthesizing module 'axi_crossbar_v2_1_14_decerr_slave' [/home/izoomko/wrk/4grade/io/lab2/lab2.srcs/sources_1/bd/uc_system/ipshared/f582/hdl/axi_crossbar_v2_1_vl_rfs.v:3500]
INFO: [Synth 8-256] done synthesizing module 'axi_crossbar_v2_1_14_decerr_slave' (4#1) [/home/izoomko/wrk/4grade/io/lab2/lab2.srcs/sources_1/bd/uc_system/ipshared/f582/hdl/axi_crossbar_v2_1_vl_rfs.v:3500]
INFO: [Synth 8-638] synthesizing module 'axi_crossbar_v2_1_14_addr_arbiter_sasd' [/home/izoomko/wrk/4grade/io/lab2/lab2.srcs/sources_1/bd/uc_system/ipshared/f582/hdl/axi_crossbar_v2_1_vl_rfs.v:65]
INFO: [Synth 8-256] done synthesizing module 'axi_crossbar_v2_1_14_addr_arbiter_sasd' (5#1) [/home/izoomko/wrk/4grade/io/lab2/lab2.srcs/sources_1/bd/uc_system/ipshared/f582/hdl/axi_crossbar_v2_1_vl_rfs.v:65]
INFO: [Synth 8-638] synthesizing module 'axi_crossbar_v2_1_14_splitter' [/home/izoomko/wrk/4grade/io/lab2/lab2.srcs/sources_1/bd/uc_system/ipshared/f582/hdl/axi_crossbar_v2_1_vl_rfs.v:4459]
INFO: [Synth 8-256] done synthesizing module 'axi_crossbar_v2_1_14_splitter' (6#1) [/home/izoomko/wrk/4grade/io/lab2/lab2.srcs/sources_1/bd/uc_system/ipshared/f582/hdl/axi_crossbar_v2_1_vl_rfs.v:4459]
INFO: [Synth 8-638] synthesizing module 'axi_crossbar_v2_1_14_splitter__parameterized0' [/home/izoomko/wrk/4grade/io/lab2/lab2.srcs/sources_1/bd/uc_system/ipshared/f582/hdl/axi_crossbar_v2_1_vl_rfs.v:4459]
INFO: [Synth 8-256] done synthesizing module 'axi_crossbar_v2_1_14_splitter__parameterized0' (6#1) [/home/izoomko/wrk/4grade/io/lab2/lab2.srcs/sources_1/bd/uc_system/ipshared/f582/hdl/axi_crossbar_v2_1_vl_rfs.v:4459]
INFO: [Synth 8-638] synthesizing module 'generic_baseblocks_v2_1_0_mux_enc' [/home/izoomko/wrk/4grade/io/lab2/lab2.srcs/sources_1/bd/uc_system/ipshared/f9c1/hdl/generic_baseblocks_v2_1_vl_rfs.v:2452]
INFO: [Synth 8-256] done synthesizing module 'generic_baseblocks_v2_1_0_mux_enc' (7#1) [/home/izoomko/wrk/4grade/io/lab2/lab2.srcs/sources_1/bd/uc_system/ipshared/f9c1/hdl/generic_baseblocks_v2_1_vl_rfs.v:2452]
INFO: [Synth 8-638] synthesizing module 'generic_baseblocks_v2_1_0_mux_enc__parameterized0' [/home/izoomko/wrk/4grade/io/lab2/lab2.srcs/sources_1/bd/uc_system/ipshared/f9c1/hdl/generic_baseblocks_v2_1_vl_rfs.v:2452]
INFO: [Synth 8-256] done synthesizing module 'generic_baseblocks_v2_1_0_mux_enc__parameterized0' (7#1) [/home/izoomko/wrk/4grade/io/lab2/lab2.srcs/sources_1/bd/uc_system/ipshared/f9c1/hdl/generic_baseblocks_v2_1_vl_rfs.v:2452]
INFO: [Synth 8-638] synthesizing module 'generic_baseblocks_v2_1_0_mux_enc__parameterized1' [/home/izoomko/wrk/4grade/io/lab2/lab2.srcs/sources_1/bd/uc_system/ipshared/f9c1/hdl/generic_baseblocks_v2_1_vl_rfs.v:2452]
INFO: [Synth 8-256] done synthesizing module 'generic_baseblocks_v2_1_0_mux_enc__parameterized1' (7#1) [/home/izoomko/wrk/4grade/io/lab2/lab2.srcs/sources_1/bd/uc_system/ipshared/f9c1/hdl/generic_baseblocks_v2_1_vl_rfs.v:2452]
INFO: [Synth 8-638] synthesizing module 'axi_register_slice_v2_1_13_axic_register_slice' [/home/izoomko/wrk/4grade/io/lab2/lab2.srcs/sources_1/bd/uc_system/ipshared/55c0/hdl/axi_register_slice_v2_1_vl_rfs.v:85]
INFO: [Synth 8-256] done synthesizing module 'axi_register_slice_v2_1_13_axic_register_slice' (8#1) [/home/izoomko/wrk/4grade/io/lab2/lab2.srcs/sources_1/bd/uc_system/ipshared/55c0/hdl/axi_register_slice_v2_1_vl_rfs.v:85]
INFO: [Synth 8-638] synthesizing module 'generic_baseblocks_v2_1_0_mux_enc__parameterized2' [/home/izoomko/wrk/4grade/io/lab2/lab2.srcs/sources_1/bd/uc_system/ipshared/f9c1/hdl/generic_baseblocks_v2_1_vl_rfs.v:2452]
INFO: [Synth 8-256] done synthesizing module 'generic_baseblocks_v2_1_0_mux_enc__parameterized2' (8#1) [/home/izoomko/wrk/4grade/io/lab2/lab2.srcs/sources_1/bd/uc_system/ipshared/f9c1/hdl/generic_baseblocks_v2_1_vl_rfs.v:2452]
INFO: [Synth 8-256] done synthesizing module 'axi_crossbar_v2_1_14_crossbar_sasd' (9#1) [/home/izoomko/wrk/4grade/io/lab2/lab2.srcs/sources_1/bd/uc_system/ipshared/f582/hdl/axi_crossbar_v2_1_vl_rfs.v:1240]
INFO: [Synth 8-256] done synthesizing module 'axi_crossbar_v2_1_14_axi_crossbar' (10#1) [/home/izoomko/wrk/4grade/io/lab2/lab2.srcs/sources_1/bd/uc_system/ipshared/f582/hdl/axi_crossbar_v2_1_vl_rfs.v:4882]
INFO: [Synth 8-256] done synthesizing module 'uc_system_xbar_1' (11#1) [/home/izoomko/wrk/4grade/io/lab2/lab2.srcs/sources_1/bd/uc_system/ip/uc_system_xbar_1/synth/uc_system_xbar_1.v:59]
Finished RTL Elaboration : Time (s): cpu = 00:00:16 ; elapsed = 00:00:17 . Memory (MB): peak = 1281.820 ; gain = 183.496 ; free physical = 1207 ; free virtual = 18225
Finished RTL Optimization Phase 1 : Time (s): cpu = 00:00:17 ; elapsed = 00:00:17 . Memory (MB): peak = 1281.820 ; gain = 183.496 ; free physical = 1200 ; free virtual = 18219
INFO: [Device 21-403] Loading part xc7a100tcsg324-1
Constraint Validation Runtime : Time (s): cpu = 00:00:00.08 ; elapsed = 00:00:00.08 . Memory (MB): peak = 1527.969 ; gain = 0.000 ; free physical = 900 ; free virtual = 17918
Finished Constraint Validation : Time (s): cpu = 00:00:34 ; elapsed = 00:00:35 . Memory (MB): peak = 1527.969 ; gain = 429.645 ; free physical = 873 ; free virtual = 17892
Finished Loading Part and Timing Information : Time (s): cpu = 00:00:34 ; elapsed = 00:00:35 . Memory (MB): peak = 1527.969 ; gain = 429.645 ; free physical = 873 ; free virtual = 17892
Finished applying 'set_property' XDC Constraints : Time (s): cpu = 00:00:34 ; elapsed = 00:00:35 . Memory (MB): peak = 1527.969 ; gain = 429.645 ; free physical = 875 ; free virtual = 17894
Finished RTL Optimization Phase 2 : Time (s): cpu = 00:00:34 ; elapsed = 00:00:35 . Memory (MB): peak = 1527.969 ; gain = 429.645 ; free physical = 869 ; free virtual = 17883
Finished Cross Boundary and Area Optimization : Time (s): cpu = 00:00:35 ; elapsed = 00:00:36 . Memory (MB): peak = 1527.969 ; gain = 429.645 ; free physical = 851 ; free virtual = 17865
Finished Applying XDC Timing Constraints : Time (s): cpu = 00:00:47 ; elapsed = 00:00:48 . Memory (MB): peak = 1527.969 ; gain = 429.645 ; free physical = 553 ; free virtual = 17563
Finished Timing Optimization : Time (s): cpu = 00:00:47 ; elapsed = 00:00:49 . Memory (MB): peak = 1527.969 ; gain = 429.645 ; free physical = 511 ; free virtual = 17522
Finished Technology Mapping : Time (s): cpu = 00:00:48 ; elapsed = 00:00:49 . Memory (MB): peak = 1527.969 ; gain = 429.645 ; free physical = 501 ; free virtual = 17512
Finished IO Insertion : Time (s): cpu = 00:00:49 ; elapsed = 00:00:50 . Memory (MB): peak = 1527.969 ; gain = 429.645 ; free physical = 467 ; free virtual = 17477
Finished Renaming Generated Instances : Time (s): cpu = 00:00:49 ; elapsed = 00:00:50 . Memory (MB): peak = 1527.969 ; gain = 429.645 ; free physical = 467 ; free virtual = 17477
Finished Rebuilding User Hierarchy : Time (s): cpu = 00:00:49 ; elapsed = 00:00:50 . Memory (MB): peak = 1527.969 ; gain = 429.645 ; free physical = 467 ; free virtual = 17477
Finished Renaming Generated Ports : Time (s): cpu = 00:00:49 ; elapsed = 00:00:50 . Memory (MB): peak = 1527.969 ; gain = 429.645 ; free physical = 467 ; free virtual = 17477
Finished Handling Custom Attributes : Time (s): cpu = 00:00:49 ; elapsed = 00:00:50 . Memory (MB): peak = 1527.969 ; gain = 429.645 ; free physical = 467 ; free virtual = 17477
Finished Renaming Generated Nets : Time (s): cpu = 00:00:49 ; elapsed = 00:00:50 . Memory (MB): peak = 1527.969 ; gain = 429.645 ; free physical = 467 ; free virtual = 17477

Report Cell Usage: 
+------+-----+------+
|      |Cell |Count |
+------+-----+------+
|1     |LUT1 |     2|
|2     |LUT2 |     8|
|3     |LUT3 |     6|
|4     |LUT4 |    78|
|5     |LUT5 |    19|
|6     |LUT6 |    54|
|7     |FDRE |   130|
+------+-----+------+
Finished Writing Synthesis Report : Time (s): cpu = 00:00:49 ; elapsed = 00:00:50 . Memory (MB): peak = 1527.969 ; gain = 429.645 ; free physical = 467 ; free virtual = 17477
synth_design: Time (s): cpu = 00:00:51 ; elapsed = 00:00:52 . Memory (MB): peak = 1527.977 ; gain = 442.238 ; free physical = 559 ; free virtual = 17570
