INFO: [VRFC 10-2263] Analyzing Verilog file "/home/izoomko/wrk/4grade/io/lab3/lab2.sim/sim_1/synth/func/sim_tb_func_synth.v" into library xil_defaultlib
INFO: [VRFC 10-311] analyzing module BRAMInterconnect
INFO: [VRFC 10-311] analyzing module EdgeDetector
INFO: [VRFC 10-311] analyzing module GPIO_Core
INFO: [VRFC 10-311] analyzing module IC
INFO: [VRFC 10-311] analyzing module Prescaler
INFO: [VRFC 10-311] analyzing module Timer
INFO: [VRFC 10-311] analyzing module Timer_618
INFO: [VRFC 10-311] analyzing module Timer_on_clock
INFO: [VRFC 10-311] analyzing module Timer_on_clock_619
INFO: [VRFC 10-311] analyzing module address_decoder
INFO: [VRFC 10-311] analyzing module address_decoder__parameterized0
INFO: [VRFC 10-311] analyzing module address_decoder__parameterized0_610
INFO: [VRFC 10-311] analyzing module address_decoder__parameterized1
INFO: [VRFC 10-311] analyzing module axi_bram_ctrl
INFO: [VRFC 10-311] analyzing module axi_bram_ctrl_top
INFO: [VRFC 10-311] analyzing module axi_crossbar_v2_1_14_addr_arbiter_sasd
INFO: [VRFC 10-311] analyzing module axi_crossbar_v2_1_14_axi_crossbar
INFO: [VRFC 10-311] analyzing module axi_crossbar_v2_1_14_crossbar_sasd
INFO: [VRFC 10-311] analyzing module axi_crossbar_v2_1_14_decerr_slave
INFO: [VRFC 10-311] analyzing module axi_crossbar_v2_1_14_splitter
INFO: [VRFC 10-311] analyzing module axi_crossbar_v2_1_14_splitter__parameterized0
INFO: [VRFC 10-311] analyzing module axi_gpio
INFO: [VRFC 10-311] analyzing module axi_lite_ipif
INFO: [VRFC 10-311] analyzing module axi_lite_ipif__parameterized0
INFO: [VRFC 10-311] analyzing module axi_lite_ipif__parameterized0_598
INFO: [VRFC 10-311] analyzing module axi_lite_ipif__parameterized1
INFO: [VRFC 10-311] analyzing module axi_register_slice_v2_1_13_axic_register_slice
INFO: [VRFC 10-311] analyzing module axi_timer
INFO: [VRFC 10-311] analyzing module axi_timer__1
INFO: [VRFC 10-311] analyzing module axi_uartlite
INFO: [VRFC 10-311] analyzing module baudrate
INFO: [VRFC 10-311] analyzing module cdc_sync__parameterized0
INFO: [VRFC 10-311] analyzing module cdc_sync__parameterized0_594
INFO: [VRFC 10-311] analyzing module cdc_sync__parameterized0_595
INFO: [VRFC 10-311] analyzing module cdc_sync__parameterized0_596
INFO: [VRFC 10-311] analyzing module cdc_sync__parameterized0_604
INFO: [VRFC 10-311] analyzing module cdc_sync__parameterized0_605
INFO: [VRFC 10-311] analyzing module cdc_sync__parameterized0_606
INFO: [VRFC 10-311] analyzing module cdc_sync__parameterized1
INFO: [VRFC 10-311] analyzing module cdc_sync__parameterized1_0
INFO: [VRFC 10-311] analyzing module cntr_incr_decr_addn_f
INFO: [VRFC 10-311] analyzing module cntr_incr_decr_addn_f_591
INFO: [VRFC 10-311] analyzing module count_module
INFO: [VRFC 10-311] analyzing module count_module_593
INFO: [VRFC 10-311] analyzing module count_module_600
INFO: [VRFC 10-311] analyzing module count_module_601
INFO: [VRFC 10-311] analyzing module counter_f
INFO: [VRFC 10-311] analyzing module counter_f_597
INFO: [VRFC 10-311] analyzing module counter_f_607
INFO: [VRFC 10-311] analyzing module counter_f_608
INFO: [VRFC 10-311] analyzing module dynshreg_f
INFO: [VRFC 10-311] analyzing module dynshreg_f_592
INFO: [VRFC 10-311] analyzing module dynshreg_i_f
INFO: [VRFC 10-311] analyzing module dynshreg_i_f__parameterized0
INFO: [VRFC 10-311] analyzing module full_axi
INFO: [VRFC 10-311] analyzing module lmb_bram_if_cntlr
INFO: [VRFC 10-311] analyzing module lmb_bram_if_cntlr__parameterized1
INFO: [VRFC 10-311] analyzing module lmb_v10
INFO: [VRFC 10-311] analyzing module lmb_v10__1
INFO: [VRFC 10-311] analyzing module lpf
INFO: [VRFC 10-311] analyzing module m03_couplers_imp_QRT0UT
INFO: [VRFC 10-311] analyzing module microblaze_0_local_memory_imp_1DGYSR8
INFO: [VRFC 10-311] analyzing module mux_onehot_f
INFO: [VRFC 10-311] analyzing module mux_onehot_f_602
INFO: [VRFC 10-311] analyzing module proc_sys_reset
INFO: [VRFC 10-311] analyzing module pselect_f
INFO: [VRFC 10-311] analyzing module pselect_f__parameterized0
INFO: [VRFC 10-311] analyzing module pselect_f__parameterized1
INFO: [VRFC 10-311] analyzing module pselect_f__parameterized10
INFO: [VRFC 10-311] analyzing module pselect_f__parameterized10_616
INFO: [VRFC 10-311] analyzing module pselect_f__parameterized3
INFO: [VRFC 10-311] analyzing module pselect_f__parameterized3_611
INFO: [VRFC 10-311] analyzing module pselect_f__parameterized5
INFO: [VRFC 10-311] analyzing module pselect_f__parameterized5_612
INFO: [VRFC 10-311] analyzing module pselect_f__parameterized7
INFO: [VRFC 10-311] analyzing module pselect_f__parameterized7_613
INFO: [VRFC 10-311] analyzing module pselect_f__parameterized8
INFO: [VRFC 10-311] analyzing module pselect_f__parameterized8_614
INFO: [VRFC 10-311] analyzing module pselect_f__parameterized9
INFO: [VRFC 10-311] analyzing module pselect_f__parameterized9_615
INFO: [VRFC 10-311] analyzing module rd_chnl
INFO: [VRFC 10-311] analyzing module sequence_psr
INFO: [VRFC 10-311] analyzing module slave_attachment
INFO: [VRFC 10-311] analyzing module slave_attachment__parameterized0
INFO: [VRFC 10-311] analyzing module slave_attachment__parameterized0_609
INFO: [VRFC 10-311] analyzing module slave_attachment__parameterized1
INFO: [VRFC 10-311] analyzing module sng_port_arb
INFO: [VRFC 10-311] analyzing module srl_fifo_f
INFO: [VRFC 10-311] analyzing module srl_fifo_f_589
INFO: [VRFC 10-311] analyzing module srl_fifo_rbu_f
INFO: [VRFC 10-311] analyzing module srl_fifo_rbu_f_590
INFO: [VRFC 10-311] analyzing module tc_core
INFO: [VRFC 10-311] analyzing module tc_core_599
INFO: [VRFC 10-311] analyzing module timer_control
INFO: [VRFC 10-311] analyzing module timer_control_603
INFO: [VRFC 10-311] analyzing module uartlite_core
INFO: [VRFC 10-311] analyzing module uartlite_rx
INFO: [VRFC 10-311] analyzing module uartlite_tx
INFO: [VRFC 10-311] analyzing module uc_system
INFO: [VRFC 10-311] analyzing module uc_system_BRAMInterconnect_0_0
INFO: [VRFC 10-311] analyzing module uc_system_IC_0_0
INFO: [VRFC 10-311] analyzing module uc_system_Timer_0_0
INFO: [VRFC 10-311] analyzing module uc_system_Timer_1_0
INFO: [VRFC 10-311] analyzing module uc_system_auto_pc_0
INFO: [VRFC 10-311] analyzing module uc_system_axi_bram_ctrl_0_0
INFO: [VRFC 10-311] analyzing module uc_system_axi_gpio_0_0
INFO: [VRFC 10-311] analyzing module uc_system_axi_timer_0_0
INFO: [VRFC 10-311] analyzing module uc_system_axi_timer_1_0
INFO: [VRFC 10-311] analyzing module uc_system_axi_uartlite_0_0
INFO: [VRFC 10-311] analyzing module uc_system_clk_wiz_0_0
INFO: [VRFC 10-311] analyzing module uc_system_clk_wiz_0_0_clk_wiz
INFO: [VRFC 10-311] analyzing module uc_system_dlmb_bram_if_cntlr_0
INFO: [VRFC 10-311] analyzing module uc_system_dlmb_v10_0
INFO: [VRFC 10-311] analyzing module uc_system_ilmb_bram_if_cntlr_0
INFO: [VRFC 10-311] analyzing module uc_system_ilmb_v10_0
INFO: [VRFC 10-311] analyzing module uc_system_lmb_bram_0
INFO: [VRFC 10-311] analyzing module uc_system_microblaze_0_0
INFO: [VRFC 10-311] analyzing module uc_system_microblaze_0_axi_periph_0
INFO: [VRFC 10-311] analyzing module uc_system_proc_sys_reset_0_0
INFO: [VRFC 10-311] analyzing module uc_system_wrapper
INFO: [VRFC 10-311] analyzing module uc_system_xbar_1
INFO: [VRFC 10-311] analyzing module upcnt_n
INFO: [VRFC 10-311] analyzing module wr_chnl
INFO: [VRFC 10-311] analyzing module wrap_brst
INFO: [VRFC 10-311] analyzing module wrap_brst_617
INFO: [VRFC 10-311] analyzing module ALU
INFO: [VRFC 10-311] analyzing module ALU_Bit
INFO: [VRFC 10-311] analyzing module ALU_Bit_496
INFO: [VRFC 10-311] analyzing module ALU_Bit_497
INFO: [VRFC 10-311] analyzing module ALU_Bit_498
INFO: [VRFC 10-311] analyzing module ALU_Bit_499
INFO: [VRFC 10-311] analyzing module ALU_Bit_500
INFO: [VRFC 10-311] analyzing module ALU_Bit_501
INFO: [VRFC 10-311] analyzing module ALU_Bit_502
INFO: [VRFC 10-311] analyzing module ALU_Bit_503
INFO: [VRFC 10-311] analyzing module ALU_Bit_504
INFO: [VRFC 10-311] analyzing module ALU_Bit_505
INFO: [VRFC 10-311] analyzing module ALU_Bit_506
INFO: [VRFC 10-311] analyzing module ALU_Bit_507
INFO: [VRFC 10-311] analyzing module ALU_Bit_508
INFO: [VRFC 10-311] analyzing module ALU_Bit_509
INFO: [VRFC 10-311] analyzing module ALU_Bit_510
INFO: [VRFC 10-311] analyzing module ALU_Bit_511
INFO: [VRFC 10-311] analyzing module ALU_Bit_512
INFO: [VRFC 10-311] analyzing module ALU_Bit_513
INFO: [VRFC 10-311] analyzing module ALU_Bit_514
INFO: [VRFC 10-311] analyzing module ALU_Bit_515
INFO: [VRFC 10-311] analyzing module ALU_Bit_516
INFO: [VRFC 10-311] analyzing module ALU_Bit_517
INFO: [VRFC 10-311] analyzing module ALU_Bit_518
INFO: [VRFC 10-311] analyzing module ALU_Bit_519
INFO: [VRFC 10-311] analyzing module ALU_Bit_520
INFO: [VRFC 10-311] analyzing module ALU_Bit_521
INFO: [VRFC 10-311] analyzing module ALU_Bit_522
INFO: [VRFC 10-311] analyzing module ALU_Bit_523
INFO: [VRFC 10-311] analyzing module ALU_Bit_524
INFO: [VRFC 10-311] analyzing module ALU_Bit_525
INFO: [VRFC 10-311] analyzing module ALU_Bit__parameterized2
INFO: [VRFC 10-311] analyzing module Byte_Doublet_Handle_gti
INFO: [VRFC 10-311] analyzing module DAXI_interface
INFO: [VRFC 10-311] analyzing module Data_Flow_Logic
INFO: [VRFC 10-311] analyzing module Data_Flow_gti
INFO: [VRFC 10-311] analyzing module Debug
INFO: [VRFC 10-311] analyzing module Decode_gti
INFO: [VRFC 10-311] analyzing module MB_AND2B1L
INFO: [VRFC 10-311] analyzing module MB_FDE
INFO: [VRFC 10-311] analyzing module MB_FDE_318
INFO: [VRFC 10-311] analyzing module MB_FDE_321
INFO: [VRFC 10-311] analyzing module MB_FDE_324
INFO: [VRFC 10-311] analyzing module MB_FDE_327
INFO: [VRFC 10-311] analyzing module MB_FDE_330
INFO: [VRFC 10-311] analyzing module MB_FDE_333
INFO: [VRFC 10-311] analyzing module MB_FDE_336
INFO: [VRFC 10-311] analyzing module MB_FDE_339
INFO: [VRFC 10-311] analyzing module MB_FDE_342
INFO: [VRFC 10-311] analyzing module MB_FDE_345
INFO: [VRFC 10-311] analyzing module MB_FDE_348
INFO: [VRFC 10-311] analyzing module MB_FDE_351
INFO: [VRFC 10-311] analyzing module MB_FDE_354
INFO: [VRFC 10-311] analyzing module MB_FDE_357
INFO: [VRFC 10-311] analyzing module MB_FDE_360
INFO: [VRFC 10-311] analyzing module MB_FDE_363
INFO: [VRFC 10-311] analyzing module MB_FDE_366
INFO: [VRFC 10-311] analyzing module MB_FDE_369
INFO: [VRFC 10-311] analyzing module MB_FDE_372
INFO: [VRFC 10-311] analyzing module MB_FDE_375
INFO: [VRFC 10-311] analyzing module MB_FDE_378
INFO: [VRFC 10-311] analyzing module MB_FDE_381
INFO: [VRFC 10-311] analyzing module MB_FDE_384
INFO: [VRFC 10-311] analyzing module MB_FDE_387
INFO: [VRFC 10-311] analyzing module MB_FDE_390
INFO: [VRFC 10-311] analyzing module MB_FDE_393
INFO: [VRFC 10-311] analyzing module MB_FDE_396
INFO: [VRFC 10-311] analyzing module MB_FDE_399
INFO: [VRFC 10-311] analyzing module MB_FDE_402
INFO: [VRFC 10-311] analyzing module MB_FDE_405
INFO: [VRFC 10-311] analyzing module MB_FDE_408
INFO: [VRFC 10-311] analyzing module MB_FDR
INFO: [VRFC 10-311] analyzing module MB_FDR_117
INFO: [VRFC 10-311] analyzing module MB_FDR_118
INFO: [VRFC 10-311] analyzing module MB_FDR_120
INFO: [VRFC 10-311] analyzing module MB_FDR_122
INFO: [VRFC 10-311] analyzing module MB_FDR_124
INFO: [VRFC 10-311] analyzing module MB_FDR_126
INFO: [VRFC 10-311] analyzing module MB_FDR_128
INFO: [VRFC 10-311] analyzing module MB_FDR_130
INFO: [VRFC 10-311] analyzing module MB_FDR_132
INFO: [VRFC 10-311] analyzing module MB_FDR_134
INFO: [VRFC 10-311] analyzing module MB_FDR_136
INFO: [VRFC 10-311] analyzing module MB_FDR_138
INFO: [VRFC 10-311] analyzing module MB_FDR_140
INFO: [VRFC 10-311] analyzing module MB_FDR_142
INFO: [VRFC 10-311] analyzing module MB_FDR_144
INFO: [VRFC 10-311] analyzing module MB_FDR_146
INFO: [VRFC 10-311] analyzing module MB_FDR_148
INFO: [VRFC 10-311] analyzing module MB_FDR_150
INFO: [VRFC 10-311] analyzing module MB_FDR_152
INFO: [VRFC 10-311] analyzing module MB_FDR_154
INFO: [VRFC 10-311] analyzing module MB_FDR_156
INFO: [VRFC 10-311] analyzing module MB_FDR_158
INFO: [VRFC 10-311] analyzing module MB_FDR_160
INFO: [VRFC 10-311] analyzing module MB_FDR_162
INFO: [VRFC 10-311] analyzing module MB_FDR_164
INFO: [VRFC 10-311] analyzing module MB_FDR_166
INFO: [VRFC 10-311] analyzing module MB_FDR_168
INFO: [VRFC 10-311] analyzing module MB_FDR_170
INFO: [VRFC 10-311] analyzing module MB_FDR_172
INFO: [VRFC 10-311] analyzing module MB_FDR_174
INFO: [VRFC 10-311] analyzing module MB_FDR_176
INFO: [VRFC 10-311] analyzing module MB_FDR_178
INFO: [VRFC 10-311] analyzing module MB_FDR_180
INFO: [VRFC 10-311] analyzing module MB_FDR_182
INFO: [VRFC 10-311] analyzing module MB_FDR_184
INFO: [VRFC 10-311] analyzing module MB_FDR_186
INFO: [VRFC 10-311] analyzing module MB_FDR_188
INFO: [VRFC 10-311] analyzing module MB_FDR_190
INFO: [VRFC 10-311] analyzing module MB_FDR_192
INFO: [VRFC 10-311] analyzing module MB_FDR_194
INFO: [VRFC 10-311] analyzing module MB_FDR_196
INFO: [VRFC 10-311] analyzing module MB_FDR_198
INFO: [VRFC 10-311] analyzing module MB_FDR_200
INFO: [VRFC 10-311] analyzing module MB_FDR_202
INFO: [VRFC 10-311] analyzing module MB_FDR_204
INFO: [VRFC 10-311] analyzing module MB_FDR_206
INFO: [VRFC 10-311] analyzing module MB_FDR_208
INFO: [VRFC 10-311] analyzing module MB_FDR_210
INFO: [VRFC 10-311] analyzing module MB_FDR_211
INFO: [VRFC 10-311] analyzing module MB_FDR_213
INFO: [VRFC 10-311] analyzing module MB_FDR_215
INFO: [VRFC 10-311] analyzing module MB_FDR_217
INFO: [VRFC 10-311] analyzing module MB_FDR_219
INFO: [VRFC 10-311] analyzing module MB_FDR_221
INFO: [VRFC 10-311] analyzing module MB_FDR_223
INFO: [VRFC 10-311] analyzing module MB_FDR_225
INFO: [VRFC 10-311] analyzing module MB_FDR_227
INFO: [VRFC 10-311] analyzing module MB_FDR_229
INFO: [VRFC 10-311] analyzing module MB_FDR_231
INFO: [VRFC 10-311] analyzing module MB_FDR_233
INFO: [VRFC 10-311] analyzing module MB_FDR_235
INFO: [VRFC 10-311] analyzing module MB_FDR_237
INFO: [VRFC 10-311] analyzing module MB_FDR_239
INFO: [VRFC 10-311] analyzing module MB_FDR_241
INFO: [VRFC 10-311] analyzing module MB_FDR_243
INFO: [VRFC 10-311] analyzing module MB_FDR_245
INFO: [VRFC 10-311] analyzing module MB_FDR_247
INFO: [VRFC 10-311] analyzing module MB_FDR_249
INFO: [VRFC 10-311] analyzing module MB_FDR_251
INFO: [VRFC 10-311] analyzing module MB_FDR_253
INFO: [VRFC 10-311] analyzing module MB_FDR_255
INFO: [VRFC 10-311] analyzing module MB_FDR_257
INFO: [VRFC 10-311] analyzing module MB_FDR_259
INFO: [VRFC 10-311] analyzing module MB_FDR_261
INFO: [VRFC 10-311] analyzing module MB_FDR_263
INFO: [VRFC 10-311] analyzing module MB_FDR_265
INFO: [VRFC 10-311] analyzing module MB_FDR_267
INFO: [VRFC 10-311] analyzing module MB_FDR_269
INFO: [VRFC 10-311] analyzing module MB_FDR_271
INFO: [VRFC 10-311] analyzing module MB_FDR_273
INFO: [VRFC 10-311] analyzing module MB_FDR_306
INFO: [VRFC 10-311] analyzing module MB_FDR_307
INFO: [VRFC 10-311] analyzing module MB_FDR_308
INFO: [VRFC 10-311] analyzing module MB_FDR_309
INFO: [VRFC 10-311] analyzing module MB_FDR_310
INFO: [VRFC 10-311] analyzing module MB_FDR_311
INFO: [VRFC 10-311] analyzing module MB_FDR_312
INFO: [VRFC 10-311] analyzing module MB_FDR_313
INFO: [VRFC 10-311] analyzing module MB_FDS
INFO: [VRFC 10-311] analyzing module MB_LUT4
INFO: [VRFC 10-311] analyzing module MB_LUT6_2
INFO: [VRFC 10-311] analyzing module MB_LUT6_2_527
INFO: [VRFC 10-311] analyzing module MB_LUT6_2_529
INFO: [VRFC 10-311] analyzing module MB_LUT6_2_531
INFO: [VRFC 10-311] analyzing module MB_LUT6_2_533
INFO: [VRFC 10-311] analyzing module MB_LUT6_2_535
INFO: [VRFC 10-311] analyzing module MB_LUT6_2_537
INFO: [VRFC 10-311] analyzing module MB_LUT6_2_539
INFO: [VRFC 10-311] analyzing module MB_LUT6_2_541
INFO: [VRFC 10-311] analyzing module MB_LUT6_2_543
INFO: [VRFC 10-311] analyzing module MB_LUT6_2_545
INFO: [VRFC 10-311] analyzing module MB_LUT6_2_547
INFO: [VRFC 10-311] analyzing module MB_LUT6_2_549
INFO: [VRFC 10-311] analyzing module MB_LUT6_2_551
INFO: [VRFC 10-311] analyzing module MB_LUT6_2_553
INFO: [VRFC 10-311] analyzing module MB_LUT6_2_555
INFO: [VRFC 10-311] analyzing module MB_LUT6_2_557
INFO: [VRFC 10-311] analyzing module MB_LUT6_2_559
INFO: [VRFC 10-311] analyzing module MB_LUT6_2_561
INFO: [VRFC 10-311] analyzing module MB_LUT6_2_563
INFO: [VRFC 10-311] analyzing module MB_LUT6_2_565
INFO: [VRFC 10-311] analyzing module MB_LUT6_2_567
INFO: [VRFC 10-311] analyzing module MB_LUT6_2_569
INFO: [VRFC 10-311] analyzing module MB_LUT6_2_571
INFO: [VRFC 10-311] analyzing module MB_LUT6_2_573
INFO: [VRFC 10-311] analyzing module MB_LUT6_2_575
INFO: [VRFC 10-311] analyzing module MB_LUT6_2_577
INFO: [VRFC 10-311] analyzing module MB_LUT6_2_579
INFO: [VRFC 10-311] analyzing module MB_LUT6_2_581
INFO: [VRFC 10-311] analyzing module MB_LUT6_2_583
INFO: [VRFC 10-311] analyzing module MB_LUT6_2_585
INFO: [VRFC 10-311] analyzing module MB_LUT6_2__parameterized1
INFO: [VRFC 10-311] analyzing module MB_LUT6_2__parameterized3
INFO: [VRFC 10-311] analyzing module MB_LUT6_2__parameterized3_10
INFO: [VRFC 10-311] analyzing module MB_LUT6_2__parameterized3_11
INFO: [VRFC 10-311] analyzing module MB_LUT6_2__parameterized3_12
INFO: [VRFC 10-311] analyzing module MB_LUT6_2__parameterized3_13
INFO: [VRFC 10-311] analyzing module MB_LUT6_2__parameterized3_14
INFO: [VRFC 10-311] analyzing module MB_LUT6_2__parameterized3_15
INFO: [VRFC 10-311] analyzing module MB_LUT6_2__parameterized3_16
INFO: [VRFC 10-311] analyzing module MB_LUT6_2__parameterized3_17
INFO: [VRFC 10-311] analyzing module MB_LUT6_2__parameterized3_3
INFO: [VRFC 10-311] analyzing module MB_LUT6_2__parameterized3_4
INFO: [VRFC 10-311] analyzing module MB_LUT6_2__parameterized3_5
INFO: [VRFC 10-311] analyzing module MB_LUT6_2__parameterized3_6
INFO: [VRFC 10-311] analyzing module MB_LUT6_2__parameterized3_7
INFO: [VRFC 10-311] analyzing module MB_LUT6_2__parameterized3_8
INFO: [VRFC 10-311] analyzing module MB_LUT6_2__parameterized3_9
INFO: [VRFC 10-311] analyzing module MB_LUT6_2__parameterized5
INFO: [VRFC 10-311] analyzing module MB_LUT6_2__parameterized5_316
INFO: [VRFC 10-311] analyzing module MB_LUT6_2__parameterized5_319
INFO: [VRFC 10-311] analyzing module MB_LUT6_2__parameterized5_322
INFO: [VRFC 10-311] analyzing module MB_LUT6_2__parameterized5_325
INFO: [VRFC 10-311] analyzing module MB_LUT6_2__parameterized5_328
INFO: [VRFC 10-311] analyzing module MB_LUT6_2__parameterized5_331
INFO: [VRFC 10-311] analyzing module MB_LUT6_2__parameterized5_334
INFO: [VRFC 10-311] analyzing module MB_LUT6_2__parameterized5_337
INFO: [VRFC 10-311] analyzing module MB_LUT6_2__parameterized5_340
INFO: [VRFC 10-311] analyzing module MB_LUT6_2__parameterized5_343
INFO: [VRFC 10-311] analyzing module MB_LUT6_2__parameterized5_346
INFO: [VRFC 10-311] analyzing module MB_LUT6_2__parameterized5_349
INFO: [VRFC 10-311] analyzing module MB_LUT6_2__parameterized5_352
INFO: [VRFC 10-311] analyzing module MB_LUT6_2__parameterized5_355
INFO: [VRFC 10-311] analyzing module MB_LUT6_2__parameterized5_358
INFO: [VRFC 10-311] analyzing module MB_LUT6_2__parameterized5_361
INFO: [VRFC 10-311] analyzing module MB_LUT6_2__parameterized5_364
INFO: [VRFC 10-311] analyzing module MB_LUT6_2__parameterized5_367
INFO: [VRFC 10-311] analyzing module MB_LUT6_2__parameterized5_370
INFO: [VRFC 10-311] analyzing module MB_LUT6_2__parameterized5_373
INFO: [VRFC 10-311] analyzing module MB_LUT6_2__parameterized5_376
INFO: [VRFC 10-311] analyzing module MB_LUT6_2__parameterized5_379
INFO: [VRFC 10-311] analyzing module MB_LUT6_2__parameterized5_382
INFO: [VRFC 10-311] analyzing module MB_LUT6_2__parameterized5_385
INFO: [VRFC 10-311] analyzing module MB_LUT6_2__parameterized5_388
INFO: [VRFC 10-311] analyzing module MB_LUT6_2__parameterized5_391
INFO: [VRFC 10-311] analyzing module MB_LUT6_2__parameterized5_394
INFO: [VRFC 10-311] analyzing module MB_LUT6_2__parameterized5_397
INFO: [VRFC 10-311] analyzing module MB_LUT6_2__parameterized5_400
INFO: [VRFC 10-311] analyzing module MB_LUT6_2__parameterized5_403
INFO: [VRFC 10-311] analyzing module MB_LUT6_2__parameterized5_406
INFO: [VRFC 10-311] analyzing module MB_MULT_AND
INFO: [VRFC 10-311] analyzing module MB_MUXCY_XORCY
INFO: [VRFC 10-311] analyzing module MB_MUXCY_XORCY_275
INFO: [VRFC 10-311] analyzing module MB_MUXCY_XORCY_276
INFO: [VRFC 10-311] analyzing module MB_MUXCY_XORCY_277
INFO: [VRFC 10-311] analyzing module MB_MUXCY_XORCY_278
INFO: [VRFC 10-311] analyzing module MB_MUXCY_XORCY_279
INFO: [VRFC 10-311] analyzing module MB_MUXCY_XORCY_280
INFO: [VRFC 10-311] analyzing module MB_MUXCY_XORCY_281
INFO: [VRFC 10-311] analyzing module MB_MUXCY_XORCY_282
INFO: [VRFC 10-311] analyzing module MB_MUXCY_XORCY_283
INFO: [VRFC 10-311] analyzing module MB_MUXCY_XORCY_284
INFO: [VRFC 10-311] analyzing module MB_MUXCY_XORCY_285
INFO: [VRFC 10-311] analyzing module MB_MUXCY_XORCY_286
INFO: [VRFC 10-311] analyzing module MB_MUXCY_XORCY_287
INFO: [VRFC 10-311] analyzing module MB_MUXCY_XORCY_288
INFO: [VRFC 10-311] analyzing module MB_MUXCY_XORCY_289
INFO: [VRFC 10-311] analyzing module MB_MUXCY_XORCY_290
INFO: [VRFC 10-311] analyzing module MB_MUXCY_XORCY_291
INFO: [VRFC 10-311] analyzing module MB_MUXCY_XORCY_292
INFO: [VRFC 10-311] analyzing module MB_MUXCY_XORCY_293
INFO: [VRFC 10-311] analyzing module MB_MUXCY_XORCY_294
INFO: [VRFC 10-311] analyzing module MB_MUXCY_XORCY_295
INFO: [VRFC 10-311] analyzing module MB_MUXCY_XORCY_296
INFO: [VRFC 10-311] analyzing module MB_MUXCY_XORCY_297
INFO: [VRFC 10-311] analyzing module MB_MUXCY_XORCY_298
INFO: [VRFC 10-311] analyzing module MB_MUXCY_XORCY_299
INFO: [VRFC 10-311] analyzing module MB_MUXCY_XORCY_300
INFO: [VRFC 10-311] analyzing module MB_MUXCY_XORCY_301
INFO: [VRFC 10-311] analyzing module MB_MUXCY_XORCY_302
INFO: [VRFC 10-311] analyzing module MB_MUXCY_XORCY_303
INFO: [VRFC 10-311] analyzing module MB_MUXCY_XORCY_315
INFO: [VRFC 10-311] analyzing module MB_MUXCY_XORCY_317
INFO: [VRFC 10-311] analyzing module MB_MUXCY_XORCY_320
INFO: [VRFC 10-311] analyzing module MB_MUXCY_XORCY_323
INFO: [VRFC 10-311] analyzing module MB_MUXCY_XORCY_326
INFO: [VRFC 10-311] analyzing module MB_MUXCY_XORCY_329
INFO: [VRFC 10-311] analyzing module MB_MUXCY_XORCY_332
INFO: [VRFC 10-311] analyzing module MB_MUXCY_XORCY_335
INFO: [VRFC 10-311] analyzing module MB_MUXCY_XORCY_338
INFO: [VRFC 10-311] analyzing module MB_MUXCY_XORCY_341
INFO: [VRFC 10-311] analyzing module MB_MUXCY_XORCY_344
INFO: [VRFC 10-311] analyzing module MB_MUXCY_XORCY_347
INFO: [VRFC 10-311] analyzing module MB_MUXCY_XORCY_350
INFO: [VRFC 10-311] analyzing module MB_MUXCY_XORCY_353
INFO: [VRFC 10-311] analyzing module MB_MUXCY_XORCY_356
INFO: [VRFC 10-311] analyzing module MB_MUXCY_XORCY_359
INFO: [VRFC 10-311] analyzing module MB_MUXCY_XORCY_362
INFO: [VRFC 10-311] analyzing module MB_MUXCY_XORCY_365
INFO: [VRFC 10-311] analyzing module MB_MUXCY_XORCY_368
INFO: [VRFC 10-311] analyzing module MB_MUXCY_XORCY_371
INFO: [VRFC 10-311] analyzing module MB_MUXCY_XORCY_374
INFO: [VRFC 10-311] analyzing module MB_MUXCY_XORCY_377
INFO: [VRFC 10-311] analyzing module MB_MUXCY_XORCY_380
INFO: [VRFC 10-311] analyzing module MB_MUXCY_XORCY_383
INFO: [VRFC 10-311] analyzing module MB_MUXCY_XORCY_386
INFO: [VRFC 10-311] analyzing module MB_MUXCY_XORCY_389
INFO: [VRFC 10-311] analyzing module MB_MUXCY_XORCY_392
INFO: [VRFC 10-311] analyzing module MB_MUXCY_XORCY_395
INFO: [VRFC 10-311] analyzing module MB_MUXCY_XORCY_398
INFO: [VRFC 10-311] analyzing module MB_MUXCY_XORCY_401
INFO: [VRFC 10-311] analyzing module MB_MUXCY_XORCY_404
INFO: [VRFC 10-311] analyzing module MB_MUXCY_XORCY_407
INFO: [VRFC 10-311] analyzing module MB_MUXCY_XORCY_526
INFO: [VRFC 10-311] analyzing module MB_MUXCY_XORCY_528
INFO: [VRFC 10-311] analyzing module MB_MUXCY_XORCY_530
INFO: [VRFC 10-311] analyzing module MB_MUXCY_XORCY_532
INFO: [VRFC 10-311] analyzing module MB_MUXCY_XORCY_534
INFO: [VRFC 10-311] analyzing module MB_MUXCY_XORCY_536
INFO: [VRFC 10-311] analyzing module MB_MUXCY_XORCY_538
INFO: [VRFC 10-311] analyzing module MB_MUXCY_XORCY_540
INFO: [VRFC 10-311] analyzing module MB_MUXCY_XORCY_542
INFO: [VRFC 10-311] analyzing module MB_MUXCY_XORCY_544
INFO: [VRFC 10-311] analyzing module MB_MUXCY_XORCY_546
INFO: [VRFC 10-311] analyzing module MB_MUXCY_XORCY_548
INFO: [VRFC 10-311] analyzing module MB_MUXCY_XORCY_550
INFO: [VRFC 10-311] analyzing module MB_MUXCY_XORCY_552
INFO: [VRFC 10-311] analyzing module MB_MUXCY_XORCY_554
INFO: [VRFC 10-311] analyzing module MB_MUXCY_XORCY_556
INFO: [VRFC 10-311] analyzing module MB_MUXCY_XORCY_558
INFO: [VRFC 10-311] analyzing module MB_MUXCY_XORCY_560
INFO: [VRFC 10-311] analyzing module MB_MUXCY_XORCY_562
INFO: [VRFC 10-311] analyzing module MB_MUXCY_XORCY_564
INFO: [VRFC 10-311] analyzing module MB_MUXCY_XORCY_566
INFO: [VRFC 10-311] analyzing module MB_MUXCY_XORCY_568
INFO: [VRFC 10-311] analyzing module MB_MUXCY_XORCY_570
INFO: [VRFC 10-311] analyzing module MB_MUXCY_XORCY_572
INFO: [VRFC 10-311] analyzing module MB_MUXCY_XORCY_574
INFO: [VRFC 10-311] analyzing module MB_MUXCY_XORCY_576
INFO: [VRFC 10-311] analyzing module MB_MUXCY_XORCY_578
INFO: [VRFC 10-311] analyzing module MB_MUXCY_XORCY_580
INFO: [VRFC 10-311] analyzing module MB_MUXCY_XORCY_582
INFO: [VRFC 10-311] analyzing module MB_MUXCY_XORCY_584
INFO: [VRFC 10-311] analyzing module MB_MUXCY_XORCY_586
INFO: [VRFC 10-311] analyzing module MB_MUXCY_XORCY_587
INFO: [VRFC 10-311] analyzing module MB_RAM32M
INFO: [VRFC 10-311] analyzing module MB_RAM32M_416
INFO: [VRFC 10-311] analyzing module MB_RAM32M_417
INFO: [VRFC 10-311] analyzing module MB_RAM32M_418
INFO: [VRFC 10-311] analyzing module MB_RAM32M_419
INFO: [VRFC 10-311] analyzing module MB_RAM32M_420
INFO: [VRFC 10-311] analyzing module MB_RAM32M_421
INFO: [VRFC 10-311] analyzing module MB_RAM32M_422
INFO: [VRFC 10-311] analyzing module MB_RAM32M_423
INFO: [VRFC 10-311] analyzing module MB_RAM32M_424
INFO: [VRFC 10-311] analyzing module MB_RAM32M_425
INFO: [VRFC 10-311] analyzing module MB_RAM32M_426
INFO: [VRFC 10-311] analyzing module MB_RAM32M_427
INFO: [VRFC 10-311] analyzing module MB_RAM32M_428
INFO: [VRFC 10-311] analyzing module MB_RAM32M_429
INFO: [VRFC 10-311] analyzing module MB_RAM32M_430
INFO: [VRFC 10-311] analyzing module MB_SRL16E
INFO: [VRFC 10-311] analyzing module MB_SRL16E__parameterized1
INFO: [VRFC 10-311] analyzing module MB_SRL16E__parameterized1_18
INFO: [VRFC 10-311] analyzing module MB_SRL16E__parameterized1_19
INFO: [VRFC 10-311] analyzing module MB_SRL16E__parameterized1_20
INFO: [VRFC 10-311] analyzing module MB_SRL16E__parameterized1_21
INFO: [VRFC 10-311] analyzing module MB_SRL16E__parameterized1_24
INFO: [VRFC 10-311] analyzing module MB_SRL16E__parameterized1_25
INFO: [VRFC 10-311] analyzing module MB_SRL16E__parameterized3
INFO: [VRFC 10-311] analyzing module MB_SRL16E__parameterized3_22
INFO: [VRFC 10-311] analyzing module MB_SRL16E__parameterized5
INFO: [VRFC 10-311] analyzing module MB_SRL16E__parameterized5_23
INFO: [VRFC 10-311] analyzing module MB_SRL16E__parameterized7
INFO: [VRFC 10-311] analyzing module MB_SRL16E__parameterized9
INFO: [VRFC 10-311] analyzing module MB_SRLC16E
INFO: [VRFC 10-311] analyzing module MB_SRLC16E_35
INFO: [VRFC 10-311] analyzing module MB_SRLC16E_37
INFO: [VRFC 10-311] analyzing module MB_SRLC16E_39
INFO: [VRFC 10-311] analyzing module MB_SRLC16E_41
INFO: [VRFC 10-311] analyzing module MB_SRLC16E_43
INFO: [VRFC 10-311] analyzing module MB_SRLC16E_45
INFO: [VRFC 10-311] analyzing module MB_SRLC16E_47
INFO: [VRFC 10-311] analyzing module MicroBlaze
INFO: [VRFC 10-311] analyzing module MicroBlaze_Core
INFO: [VRFC 10-311] analyzing module MicroBlaze_GTi
INFO: [VRFC 10-311] analyzing module Operand_Select_gti
INFO: [VRFC 10-311] analyzing module PC_Module_gti
INFO: [VRFC 10-311] analyzing module PreFetch_Buffer_gti
INFO: [VRFC 10-311] analyzing module Register_File_gti
INFO: [VRFC 10-311] analyzing module Shift_Logic_Module_gti
INFO: [VRFC 10-311] analyzing module Zero_Detect_gti
INFO: [VRFC 10-311] analyzing module address_hit
INFO: [VRFC 10-311] analyzing module blk_mem_gen_generic_cstr
INFO: [VRFC 10-311] analyzing module blk_mem_gen_mux
INFO: [VRFC 10-311] analyzing module blk_mem_gen_mux__parameterized0
INFO: [VRFC 10-311] analyzing module blk_mem_gen_prim_width
INFO: [VRFC 10-311] analyzing module blk_mem_gen_prim_width__parameterized0
INFO: [VRFC 10-311] analyzing module blk_mem_gen_prim_width__parameterized1
INFO: [VRFC 10-311] analyzing module blk_mem_gen_prim_width__parameterized10
INFO: [VRFC 10-311] analyzing module blk_mem_gen_prim_width__parameterized11
INFO: [VRFC 10-311] analyzing module blk_mem_gen_prim_width__parameterized12
INFO: [VRFC 10-311] analyzing module blk_mem_gen_prim_width__parameterized13
INFO: [VRFC 10-311] analyzing module blk_mem_gen_prim_width__parameterized14
INFO: [VRFC 10-311] analyzing module blk_mem_gen_prim_width__parameterized15
INFO: [VRFC 10-311] analyzing module blk_mem_gen_prim_width__parameterized16
INFO: [VRFC 10-311] analyzing module blk_mem_gen_prim_width__parameterized17
INFO: [VRFC 10-311] analyzing module blk_mem_gen_prim_width__parameterized18
INFO: [VRFC 10-311] analyzing module blk_mem_gen_prim_width__parameterized19
INFO: [VRFC 10-311] analyzing module blk_mem_gen_prim_width__parameterized2
INFO: [VRFC 10-311] analyzing module blk_mem_gen_prim_width__parameterized20
INFO: [VRFC 10-311] analyzing module blk_mem_gen_prim_width__parameterized21
INFO: [VRFC 10-311] analyzing module blk_mem_gen_prim_width__parameterized22
INFO: [VRFC 10-311] analyzing module blk_mem_gen_prim_width__parameterized23
INFO: [VRFC 10-311] analyzing module blk_mem_gen_prim_width__parameterized24
INFO: [VRFC 10-311] analyzing module blk_mem_gen_prim_width__parameterized25
INFO: [VRFC 10-311] analyzing module blk_mem_gen_prim_width__parameterized26
INFO: [VRFC 10-311] analyzing module blk_mem_gen_prim_width__parameterized27
INFO: [VRFC 10-311] analyzing module blk_mem_gen_prim_width__parameterized28
INFO: [VRFC 10-311] analyzing module blk_mem_gen_prim_width__parameterized29
INFO: [VRFC 10-311] analyzing module blk_mem_gen_prim_width__parameterized3
INFO: [VRFC 10-311] analyzing module blk_mem_gen_prim_width__parameterized30
INFO: [VRFC 10-311] analyzing module blk_mem_gen_prim_width__parameterized31
INFO: [VRFC 10-311] analyzing module blk_mem_gen_prim_width__parameterized32
INFO: [VRFC 10-311] analyzing module blk_mem_gen_prim_width__parameterized33
INFO: [VRFC 10-311] analyzing module blk_mem_gen_prim_width__parameterized34
INFO: [VRFC 10-311] analyzing module blk_mem_gen_prim_width__parameterized35
INFO: [VRFC 10-311] analyzing module blk_mem_gen_prim_width__parameterized36
INFO: [VRFC 10-311] analyzing module blk_mem_gen_prim_width__parameterized37
INFO: [VRFC 10-311] analyzing module blk_mem_gen_prim_width__parameterized38
INFO: [VRFC 10-311] analyzing module blk_mem_gen_prim_width__parameterized39
INFO: [VRFC 10-311] analyzing module blk_mem_gen_prim_width__parameterized4
INFO: [VRFC 10-311] analyzing module blk_mem_gen_prim_width__parameterized40
INFO: [VRFC 10-311] analyzing module blk_mem_gen_prim_width__parameterized41
INFO: [VRFC 10-311] analyzing module blk_mem_gen_prim_width__parameterized42
INFO: [VRFC 10-311] analyzing module blk_mem_gen_prim_width__parameterized43
INFO: [VRFC 10-311] analyzing module blk_mem_gen_prim_width__parameterized44
INFO: [VRFC 10-311] analyzing module blk_mem_gen_prim_width__parameterized45
INFO: [VRFC 10-311] analyzing module blk_mem_gen_prim_width__parameterized46
INFO: [VRFC 10-311] analyzing module blk_mem_gen_prim_width__parameterized47
INFO: [VRFC 10-311] analyzing module blk_mem_gen_prim_width__parameterized48
INFO: [VRFC 10-311] analyzing module blk_mem_gen_prim_width__parameterized49
INFO: [VRFC 10-311] analyzing module blk_mem_gen_prim_width__parameterized5
INFO: [VRFC 10-311] analyzing module blk_mem_gen_prim_width__parameterized50
INFO: [VRFC 10-311] analyzing module blk_mem_gen_prim_width__parameterized51
INFO: [VRFC 10-311] analyzing module blk_mem_gen_prim_width__parameterized52
INFO: [VRFC 10-311] analyzing module blk_mem_gen_prim_width__parameterized53
INFO: [VRFC 10-311] analyzing module blk_mem_gen_prim_width__parameterized54
INFO: [VRFC 10-311] analyzing module blk_mem_gen_prim_width__parameterized55
INFO: [VRFC 10-311] analyzing module blk_mem_gen_prim_width__parameterized56
INFO: [VRFC 10-311] analyzing module blk_mem_gen_prim_width__parameterized57
INFO: [VRFC 10-311] analyzing module blk_mem_gen_prim_width__parameterized58
INFO: [VRFC 10-311] analyzing module blk_mem_gen_prim_width__parameterized59
INFO: [VRFC 10-311] analyzing module blk_mem_gen_prim_width__parameterized6
INFO: [VRFC 10-311] analyzing module blk_mem_gen_prim_width__parameterized60
INFO: [VRFC 10-311] analyzing module blk_mem_gen_prim_width__parameterized61
INFO: [VRFC 10-311] analyzing module blk_mem_gen_prim_width__parameterized62
INFO: [VRFC 10-311] analyzing module blk_mem_gen_prim_width__parameterized7
INFO: [VRFC 10-311] analyzing module blk_mem_gen_prim_width__parameterized8
INFO: [VRFC 10-311] analyzing module blk_mem_gen_prim_width__parameterized9
INFO: [VRFC 10-311] analyzing module blk_mem_gen_prim_wrapper
INFO: [VRFC 10-311] analyzing module blk_mem_gen_prim_wrapper__parameterized0
INFO: [VRFC 10-311] analyzing module blk_mem_gen_prim_wrapper__parameterized1
INFO: [VRFC 10-311] analyzing module blk_mem_gen_prim_wrapper__parameterized10
INFO: [VRFC 10-311] analyzing module blk_mem_gen_prim_wrapper__parameterized11
INFO: [VRFC 10-311] analyzing module blk_mem_gen_prim_wrapper__parameterized12
INFO: [VRFC 10-311] analyzing module blk_mem_gen_prim_wrapper__parameterized13
INFO: [VRFC 10-311] analyzing module blk_mem_gen_prim_wrapper__parameterized14
INFO: [VRFC 10-311] analyzing module blk_mem_gen_prim_wrapper__parameterized15
INFO: [VRFC 10-311] analyzing module blk_mem_gen_prim_wrapper__parameterized16
INFO: [VRFC 10-311] analyzing module blk_mem_gen_prim_wrapper__parameterized17
INFO: [VRFC 10-311] analyzing module blk_mem_gen_prim_wrapper__parameterized18
INFO: [VRFC 10-311] analyzing module blk_mem_gen_prim_wrapper__parameterized19
INFO: [VRFC 10-311] analyzing module blk_mem_gen_prim_wrapper__parameterized2
INFO: [VRFC 10-311] analyzing module blk_mem_gen_prim_wrapper__parameterized20
INFO: [VRFC 10-311] analyzing module blk_mem_gen_prim_wrapper__parameterized21
INFO: [VRFC 10-311] analyzing module blk_mem_gen_prim_wrapper__parameterized22
INFO: [VRFC 10-311] analyzing module blk_mem_gen_prim_wrapper__parameterized23
INFO: [VRFC 10-311] analyzing module blk_mem_gen_prim_wrapper__parameterized24
INFO: [VRFC 10-311] analyzing module blk_mem_gen_prim_wrapper__parameterized25
INFO: [VRFC 10-311] analyzing module blk_mem_gen_prim_wrapper__parameterized26
INFO: [VRFC 10-311] analyzing module blk_mem_gen_prim_wrapper__parameterized27
INFO: [VRFC 10-311] analyzing module blk_mem_gen_prim_wrapper__parameterized28
INFO: [VRFC 10-311] analyzing module blk_mem_gen_prim_wrapper__parameterized29
INFO: [VRFC 10-311] analyzing module blk_mem_gen_prim_wrapper__parameterized3
INFO: [VRFC 10-311] analyzing module blk_mem_gen_prim_wrapper__parameterized30
INFO: [VRFC 10-311] analyzing module blk_mem_gen_prim_wrapper__parameterized31
INFO: [VRFC 10-311] analyzing module blk_mem_gen_prim_wrapper__parameterized32
INFO: [VRFC 10-311] analyzing module blk_mem_gen_prim_wrapper__parameterized33
INFO: [VRFC 10-311] analyzing module blk_mem_gen_prim_wrapper__parameterized34
INFO: [VRFC 10-311] analyzing module blk_mem_gen_prim_wrapper__parameterized35
INFO: [VRFC 10-311] analyzing module blk_mem_gen_prim_wrapper__parameterized36
INFO: [VRFC 10-311] analyzing module blk_mem_gen_prim_wrapper__parameterized37
INFO: [VRFC 10-311] analyzing module blk_mem_gen_prim_wrapper__parameterized38
INFO: [VRFC 10-311] analyzing module blk_mem_gen_prim_wrapper__parameterized39
INFO: [VRFC 10-311] analyzing module blk_mem_gen_prim_wrapper__parameterized4
INFO: [VRFC 10-311] analyzing module blk_mem_gen_prim_wrapper__parameterized40
INFO: [VRFC 10-311] analyzing module blk_mem_gen_prim_wrapper__parameterized41
INFO: [VRFC 10-311] analyzing module blk_mem_gen_prim_wrapper__parameterized42
INFO: [VRFC 10-311] analyzing module blk_mem_gen_prim_wrapper__parameterized43
INFO: [VRFC 10-311] analyzing module blk_mem_gen_prim_wrapper__parameterized44
INFO: [VRFC 10-311] analyzing module blk_mem_gen_prim_wrapper__parameterized45
INFO: [VRFC 10-311] analyzing module blk_mem_gen_prim_wrapper__parameterized46
INFO: [VRFC 10-311] analyzing module blk_mem_gen_prim_wrapper__parameterized47
INFO: [VRFC 10-311] analyzing module blk_mem_gen_prim_wrapper__parameterized48
INFO: [VRFC 10-311] analyzing module blk_mem_gen_prim_wrapper__parameterized49
INFO: [VRFC 10-311] analyzing module blk_mem_gen_prim_wrapper__parameterized5
INFO: [VRFC 10-311] analyzing module blk_mem_gen_prim_wrapper__parameterized50
INFO: [VRFC 10-311] analyzing module blk_mem_gen_prim_wrapper__parameterized51
INFO: [VRFC 10-311] analyzing module blk_mem_gen_prim_wrapper__parameterized52
INFO: [VRFC 10-311] analyzing module blk_mem_gen_prim_wrapper__parameterized53
INFO: [VRFC 10-311] analyzing module blk_mem_gen_prim_wrapper__parameterized54
INFO: [VRFC 10-311] analyzing module blk_mem_gen_prim_wrapper__parameterized55
INFO: [VRFC 10-311] analyzing module blk_mem_gen_prim_wrapper__parameterized56
INFO: [VRFC 10-311] analyzing module blk_mem_gen_prim_wrapper__parameterized57
INFO: [VRFC 10-311] analyzing module blk_mem_gen_prim_wrapper__parameterized58
INFO: [VRFC 10-311] analyzing module blk_mem_gen_prim_wrapper__parameterized59
INFO: [VRFC 10-311] analyzing module blk_mem_gen_prim_wrapper__parameterized6
INFO: [VRFC 10-311] analyzing module blk_mem_gen_prim_wrapper__parameterized60
INFO: [VRFC 10-311] analyzing module blk_mem_gen_prim_wrapper__parameterized61
INFO: [VRFC 10-311] analyzing module blk_mem_gen_prim_wrapper__parameterized62
INFO: [VRFC 10-311] analyzing module blk_mem_gen_prim_wrapper__parameterized7
INFO: [VRFC 10-311] analyzing module blk_mem_gen_prim_wrapper__parameterized8
INFO: [VRFC 10-311] analyzing module blk_mem_gen_prim_wrapper__parameterized9
INFO: [VRFC 10-311] analyzing module blk_mem_gen_top
INFO: [VRFC 10-311] analyzing module blk_mem_gen_v8_3_6
INFO: [VRFC 10-311] analyzing module blk_mem_gen_v8_3_6_synth
INFO: [VRFC 10-311] analyzing module carry_and
INFO: [VRFC 10-311] analyzing module carry_and_60
INFO: [VRFC 10-311] analyzing module carry_and_61
INFO: [VRFC 10-311] analyzing module carry_and_62
INFO: [VRFC 10-311] analyzing module carry_and_63
INFO: [VRFC 10-311] analyzing module carry_and_64
INFO: [VRFC 10-311] analyzing module carry_and_65
INFO: [VRFC 10-311] analyzing module carry_and_66
INFO: [VRFC 10-311] analyzing module carry_and_67
INFO: [VRFC 10-311] analyzing module carry_and_68
INFO: [VRFC 10-311] analyzing module carry_and_69
INFO: [VRFC 10-311] analyzing module carry_and_90
INFO: [VRFC 10-311] analyzing module carry_and_91
INFO: [VRFC 10-311] analyzing module carry_and_92
INFO: [VRFC 10-311] analyzing module carry_and_93
INFO: [VRFC 10-311] analyzing module carry_or
INFO: [VRFC 10-311] analyzing module carry_or_94
INFO: [VRFC 10-311] analyzing module exception_registers_gti
INFO: [VRFC 10-311] analyzing module instr_mux
INFO: [VRFC 10-311] analyzing module jump_logic
INFO: [VRFC 10-311] analyzing module mb_sync_bit
INFO: [VRFC 10-311] analyzing module mb_sync_bit_1
INFO: [VRFC 10-311] analyzing module mb_sync_bit_2
INFO: [VRFC 10-311] analyzing module mb_sync_bit_49
INFO: [VRFC 10-311] analyzing module mb_sync_bit_50
INFO: [VRFC 10-311] analyzing module mb_sync_bit_51
INFO: [VRFC 10-311] analyzing module mb_sync_bit_52
INFO: [VRFC 10-311] analyzing module mb_sync_bit_53
INFO: [VRFC 10-311] analyzing module mb_sync_bit_54
INFO: [VRFC 10-311] analyzing module mb_sync_bit_55
INFO: [VRFC 10-311] analyzing module mb_sync_bit_56
INFO: [VRFC 10-311] analyzing module mb_sync_bit_57
INFO: [VRFC 10-311] analyzing module mb_sync_bit_58
INFO: [VRFC 10-311] analyzing module mb_sync_bit__parameterized1
INFO: [VRFC 10-311] analyzing module mb_sync_bit__parameterized1_26
INFO: [VRFC 10-311] analyzing module mb_sync_bit__parameterized1_31
INFO: [VRFC 10-311] analyzing module mb_sync_bit__parameterized1_32
INFO: [VRFC 10-311] analyzing module mb_sync_bit__parameterized4
INFO: [VRFC 10-311] analyzing module mb_sync_bit__parameterized4_27
INFO: [VRFC 10-311] analyzing module mb_sync_bit__parameterized4_28
INFO: [VRFC 10-311] analyzing module mb_sync_bit__parameterized4_29
INFO: [VRFC 10-311] analyzing module mb_sync_bit__parameterized4_30
INFO: [VRFC 10-311] analyzing module mb_sync_bit__parameterized4_59
INFO: [VRFC 10-311] analyzing module mb_sync_vec
INFO: [VRFC 10-311] analyzing module mb_sync_vec__parameterized1
INFO: [VRFC 10-311] analyzing module microblaze_v10_0_3_MB_FDRE
INFO: [VRFC 10-311] analyzing module microblaze_v10_0_3_MB_FDRE_463
INFO: [VRFC 10-311] analyzing module microblaze_v10_0_3_MB_FDRE_464
INFO: [VRFC 10-311] analyzing module microblaze_v10_0_3_MB_FDRE_465
INFO: [VRFC 10-311] analyzing module microblaze_v10_0_3_MB_FDRE_466
INFO: [VRFC 10-311] analyzing module microblaze_v10_0_3_MB_FDRE_467
INFO: [VRFC 10-311] analyzing module microblaze_v10_0_3_MB_FDRE_468
INFO: [VRFC 10-311] analyzing module microblaze_v10_0_3_MB_FDRE_469
INFO: [VRFC 10-311] analyzing module microblaze_v10_0_3_MB_FDRE_470
INFO: [VRFC 10-311] analyzing module microblaze_v10_0_3_MB_FDRE_471
INFO: [VRFC 10-311] analyzing module microblaze_v10_0_3_MB_FDRE_472
INFO: [VRFC 10-311] analyzing module microblaze_v10_0_3_MB_FDRE_473
INFO: [VRFC 10-311] analyzing module microblaze_v10_0_3_MB_FDRE_474
INFO: [VRFC 10-311] analyzing module microblaze_v10_0_3_MB_FDRE_475
INFO: [VRFC 10-311] analyzing module microblaze_v10_0_3_MB_FDRE_476
INFO: [VRFC 10-311] analyzing module microblaze_v10_0_3_MB_FDRE_477
INFO: [VRFC 10-311] analyzing module microblaze_v10_0_3_MB_FDRE_478
INFO: [VRFC 10-311] analyzing module microblaze_v10_0_3_MB_FDRE_479
INFO: [VRFC 10-311] analyzing module microblaze_v10_0_3_MB_FDRE_480
INFO: [VRFC 10-311] analyzing module microblaze_v10_0_3_MB_FDRE_481
INFO: [VRFC 10-311] analyzing module microblaze_v10_0_3_MB_FDRE_482
INFO: [VRFC 10-311] analyzing module microblaze_v10_0_3_MB_FDRE_483
INFO: [VRFC 10-311] analyzing module microblaze_v10_0_3_MB_FDRE_484
INFO: [VRFC 10-311] analyzing module microblaze_v10_0_3_MB_FDRE_485
INFO: [VRFC 10-311] analyzing module microblaze_v10_0_3_MB_FDRE_486
INFO: [VRFC 10-311] analyzing module microblaze_v10_0_3_MB_FDRE_487
INFO: [VRFC 10-311] analyzing module microblaze_v10_0_3_MB_FDRE_488
INFO: [VRFC 10-311] analyzing module microblaze_v10_0_3_MB_FDRE_489
INFO: [VRFC 10-311] analyzing module microblaze_v10_0_3_MB_FDRE_490
INFO: [VRFC 10-311] analyzing module microblaze_v10_0_3_MB_FDRE_491
INFO: [VRFC 10-311] analyzing module microblaze_v10_0_3_MB_FDRE_492
INFO: [VRFC 10-311] analyzing module microblaze_v10_0_3_MB_FDRE_493
INFO: [VRFC 10-311] analyzing module microblaze_v10_0_3_MB_FDRE_494
INFO: [VRFC 10-311] analyzing module microblaze_v10_0_3_MB_FDRE_70
INFO: [VRFC 10-311] analyzing module microblaze_v10_0_3_MB_FDRE_71
INFO: [VRFC 10-311] analyzing module microblaze_v10_0_3_MB_FDRE_72
INFO: [VRFC 10-311] analyzing module microblaze_v10_0_3_MB_FDRE_73
INFO: [VRFC 10-311] analyzing module microblaze_v10_0_3_MB_FDRE_74
INFO: [VRFC 10-311] analyzing module microblaze_v10_0_3_MB_FDRE_75
INFO: [VRFC 10-311] analyzing module microblaze_v10_0_3_MB_FDRE_76
INFO: [VRFC 10-311] analyzing module microblaze_v10_0_3_MB_FDRE_77
INFO: [VRFC 10-311] analyzing module microblaze_v10_0_3_MB_FDRE_78
INFO: [VRFC 10-311] analyzing module microblaze_v10_0_3_MB_FDRE_79
INFO: [VRFC 10-311] analyzing module microblaze_v10_0_3_MB_LUT6
INFO: [VRFC 10-311] analyzing module microblaze_v10_0_3_MB_LUT6_119
INFO: [VRFC 10-311] analyzing module microblaze_v10_0_3_MB_LUT6_121
INFO: [VRFC 10-311] analyzing module microblaze_v10_0_3_MB_LUT6_123
INFO: [VRFC 10-311] analyzing module microblaze_v10_0_3_MB_LUT6__parameterized0
INFO: [VRFC 10-311] analyzing module microblaze_v10_0_3_MB_LUT6__parameterized1
INFO: [VRFC 10-311] analyzing module microblaze_v10_0_3_MB_LUT6__parameterized2
INFO: [VRFC 10-311] analyzing module microblaze_v10_0_3_MB_LUT6__parameterized3
INFO: [VRFC 10-311] analyzing module microblaze_v10_0_3_MB_LUT6__parameterized3_80
INFO: [VRFC 10-311] analyzing module microblaze_v10_0_3_MB_LUT6__parameterized3_82
INFO: [VRFC 10-311] analyzing module microblaze_v10_0_3_MB_LUT6__parameterized3_84
INFO: [VRFC 10-311] analyzing module microblaze_v10_0_3_MB_LUT6__parameterized3_86
INFO: [VRFC 10-311] analyzing module microblaze_v10_0_3_MB_LUT6__parameterized3_88
INFO: [VRFC 10-311] analyzing module microblaze_v10_0_3_MB_LUT6__parameterized4
INFO: [VRFC 10-311] analyzing module microblaze_v10_0_3_MB_LUT6__parameterized4_81
INFO: [VRFC 10-311] analyzing module microblaze_v10_0_3_MB_LUT6__parameterized4_83
INFO: [VRFC 10-311] analyzing module microblaze_v10_0_3_MB_LUT6__parameterized4_85
INFO: [VRFC 10-311] analyzing module microblaze_v10_0_3_MB_LUT6__parameterized4_87
INFO: [VRFC 10-311] analyzing module microblaze_v10_0_3_MB_LUT6__parameterized4_89
INFO: [VRFC 10-311] analyzing module microblaze_v10_0_3_MB_LUT6__parameterized5
INFO: [VRFC 10-311] analyzing module microblaze_v10_0_3_MB_MUXCY
INFO: [VRFC 10-311] analyzing module microblaze_v10_0_3_MB_MUXCY_100
INFO: [VRFC 10-311] analyzing module microblaze_v10_0_3_MB_MUXCY_101
INFO: [VRFC 10-311] analyzing module microblaze_v10_0_3_MB_MUXCY_102
INFO: [VRFC 10-311] analyzing module microblaze_v10_0_3_MB_MUXCY_103
INFO: [VRFC 10-311] analyzing module microblaze_v10_0_3_MB_MUXCY_104
INFO: [VRFC 10-311] analyzing module microblaze_v10_0_3_MB_MUXCY_105
INFO: [VRFC 10-311] analyzing module microblaze_v10_0_3_MB_MUXCY_106
INFO: [VRFC 10-311] analyzing module microblaze_v10_0_3_MB_MUXCY_107
INFO: [VRFC 10-311] analyzing module microblaze_v10_0_3_MB_MUXCY_108
INFO: [VRFC 10-311] analyzing module microblaze_v10_0_3_MB_MUXCY_109
INFO: [VRFC 10-311] analyzing module microblaze_v10_0_3_MB_MUXCY_110
INFO: [VRFC 10-311] analyzing module microblaze_v10_0_3_MB_MUXCY_111
INFO: [VRFC 10-311] analyzing module microblaze_v10_0_3_MB_MUXCY_112
INFO: [VRFC 10-311] analyzing module microblaze_v10_0_3_MB_MUXCY_113
INFO: [VRFC 10-311] analyzing module microblaze_v10_0_3_MB_MUXCY_114
INFO: [VRFC 10-311] analyzing module microblaze_v10_0_3_MB_MUXCY_115
INFO: [VRFC 10-311] analyzing module microblaze_v10_0_3_MB_MUXCY_116
INFO: [VRFC 10-311] analyzing module microblaze_v10_0_3_MB_MUXCY_304
INFO: [VRFC 10-311] analyzing module microblaze_v10_0_3_MB_MUXCY_305
INFO: [VRFC 10-311] analyzing module microblaze_v10_0_3_MB_MUXCY_314
INFO: [VRFC 10-311] analyzing module microblaze_v10_0_3_MB_MUXCY_33
INFO: [VRFC 10-311] analyzing module microblaze_v10_0_3_MB_MUXCY_34
INFO: [VRFC 10-311] analyzing module microblaze_v10_0_3_MB_MUXCY_36
INFO: [VRFC 10-311] analyzing module microblaze_v10_0_3_MB_MUXCY_38
INFO: [VRFC 10-311] analyzing module microblaze_v10_0_3_MB_MUXCY_40
INFO: [VRFC 10-311] analyzing module microblaze_v10_0_3_MB_MUXCY_409
INFO: [VRFC 10-311] analyzing module microblaze_v10_0_3_MB_MUXCY_410
INFO: [VRFC 10-311] analyzing module microblaze_v10_0_3_MB_MUXCY_411
INFO: [VRFC 10-311] analyzing module microblaze_v10_0_3_MB_MUXCY_412
INFO: [VRFC 10-311] analyzing module microblaze_v10_0_3_MB_MUXCY_413
INFO: [VRFC 10-311] analyzing module microblaze_v10_0_3_MB_MUXCY_414
INFO: [VRFC 10-311] analyzing module microblaze_v10_0_3_MB_MUXCY_415
INFO: [VRFC 10-311] analyzing module microblaze_v10_0_3_MB_MUXCY_42
INFO: [VRFC 10-311] analyzing module microblaze_v10_0_3_MB_MUXCY_44
INFO: [VRFC 10-311] analyzing module microblaze_v10_0_3_MB_MUXCY_46
INFO: [VRFC 10-311] analyzing module microblaze_v10_0_3_MB_MUXCY_48
INFO: [VRFC 10-311] analyzing module microblaze_v10_0_3_MB_MUXCY_495
INFO: [VRFC 10-311] analyzing module microblaze_v10_0_3_MB_MUXCY_588
INFO: [VRFC 10-311] analyzing module microblaze_v10_0_3_MB_MUXCY_95
INFO: [VRFC 10-311] analyzing module microblaze_v10_0_3_MB_MUXCY_96
INFO: [VRFC 10-311] analyzing module microblaze_v10_0_3_MB_MUXCY_97
INFO: [VRFC 10-311] analyzing module microblaze_v10_0_3_MB_MUXCY_98
INFO: [VRFC 10-311] analyzing module microblaze_v10_0_3_MB_MUXCY_99
INFO: [VRFC 10-311] analyzing module microblaze_v10_0_3_MB_MUXF7
INFO: [VRFC 10-311] analyzing module microblaze_v10_0_3_MB_MUXF7_125
INFO: [VRFC 10-311] analyzing module microblaze_v10_0_3_MB_MUXF7_127
INFO: [VRFC 10-311] analyzing module microblaze_v10_0_3_MB_MUXF7_129
INFO: [VRFC 10-311] analyzing module microblaze_v10_0_3_MB_MUXF7_131
INFO: [VRFC 10-311] analyzing module microblaze_v10_0_3_MB_MUXF7_133
INFO: [VRFC 10-311] analyzing module microblaze_v10_0_3_MB_MUXF7_135
INFO: [VRFC 10-311] analyzing module microblaze_v10_0_3_MB_MUXF7_137
INFO: [VRFC 10-311] analyzing module microblaze_v10_0_3_MB_MUXF7_139
INFO: [VRFC 10-311] analyzing module microblaze_v10_0_3_MB_MUXF7_141
INFO: [VRFC 10-311] analyzing module microblaze_v10_0_3_MB_MUXF7_143
INFO: [VRFC 10-311] analyzing module microblaze_v10_0_3_MB_MUXF7_145
INFO: [VRFC 10-311] analyzing module microblaze_v10_0_3_MB_MUXF7_147
INFO: [VRFC 10-311] analyzing module microblaze_v10_0_3_MB_MUXF7_149
INFO: [VRFC 10-311] analyzing module microblaze_v10_0_3_MB_MUXF7_151
INFO: [VRFC 10-311] analyzing module microblaze_v10_0_3_MB_MUXF7_153
INFO: [VRFC 10-311] analyzing module microblaze_v10_0_3_MB_MUXF7_155
INFO: [VRFC 10-311] analyzing module microblaze_v10_0_3_MB_MUXF7_157
INFO: [VRFC 10-311] analyzing module microblaze_v10_0_3_MB_MUXF7_159
INFO: [VRFC 10-311] analyzing module microblaze_v10_0_3_MB_MUXF7_161
INFO: [VRFC 10-311] analyzing module microblaze_v10_0_3_MB_MUXF7_163
INFO: [VRFC 10-311] analyzing module microblaze_v10_0_3_MB_MUXF7_165
INFO: [VRFC 10-311] analyzing module microblaze_v10_0_3_MB_MUXF7_167
INFO: [VRFC 10-311] analyzing module microblaze_v10_0_3_MB_MUXF7_169
INFO: [VRFC 10-311] analyzing module microblaze_v10_0_3_MB_MUXF7_171
INFO: [VRFC 10-311] analyzing module microblaze_v10_0_3_MB_MUXF7_173
INFO: [VRFC 10-311] analyzing module microblaze_v10_0_3_MB_MUXF7_175
INFO: [VRFC 10-311] analyzing module microblaze_v10_0_3_MB_MUXF7_177
INFO: [VRFC 10-311] analyzing module microblaze_v10_0_3_MB_MUXF7_179
INFO: [VRFC 10-311] analyzing module microblaze_v10_0_3_MB_MUXF7_181
INFO: [VRFC 10-311] analyzing module microblaze_v10_0_3_MB_MUXF7_183
INFO: [VRFC 10-311] analyzing module microblaze_v10_0_3_MB_MUXF7_185
INFO: [VRFC 10-311] analyzing module microblaze_v10_0_3_MB_MUXF7_187
INFO: [VRFC 10-311] analyzing module microblaze_v10_0_3_MB_MUXF7_189
INFO: [VRFC 10-311] analyzing module microblaze_v10_0_3_MB_MUXF7_191
INFO: [VRFC 10-311] analyzing module microblaze_v10_0_3_MB_MUXF7_193
INFO: [VRFC 10-311] analyzing module microblaze_v10_0_3_MB_MUXF7_195
INFO: [VRFC 10-311] analyzing module microblaze_v10_0_3_MB_MUXF7_197
INFO: [VRFC 10-311] analyzing module microblaze_v10_0_3_MB_MUXF7_199
INFO: [VRFC 10-311] analyzing module microblaze_v10_0_3_MB_MUXF7_201
INFO: [VRFC 10-311] analyzing module microblaze_v10_0_3_MB_MUXF7_203
INFO: [VRFC 10-311] analyzing module microblaze_v10_0_3_MB_MUXF7_205
INFO: [VRFC 10-311] analyzing module microblaze_v10_0_3_MB_MUXF7_207
INFO: [VRFC 10-311] analyzing module microblaze_v10_0_3_MB_MUXF7_209
INFO: [VRFC 10-311] analyzing module microblaze_v10_0_3_MB_MUXF7_212
INFO: [VRFC 10-311] analyzing module microblaze_v10_0_3_MB_MUXF7_214
INFO: [VRFC 10-311] analyzing module microblaze_v10_0_3_MB_MUXF7_216
INFO: [VRFC 10-311] analyzing module microblaze_v10_0_3_MB_MUXF7_218
INFO: [VRFC 10-311] analyzing module microblaze_v10_0_3_MB_MUXF7_220
INFO: [VRFC 10-311] analyzing module microblaze_v10_0_3_MB_MUXF7_222
INFO: [VRFC 10-311] analyzing module microblaze_v10_0_3_MB_MUXF7_224
INFO: [VRFC 10-311] analyzing module microblaze_v10_0_3_MB_MUXF7_226
INFO: [VRFC 10-311] analyzing module microblaze_v10_0_3_MB_MUXF7_228
INFO: [VRFC 10-311] analyzing module microblaze_v10_0_3_MB_MUXF7_230
INFO: [VRFC 10-311] analyzing module microblaze_v10_0_3_MB_MUXF7_232
INFO: [VRFC 10-311] analyzing module microblaze_v10_0_3_MB_MUXF7_234
INFO: [VRFC 10-311] analyzing module microblaze_v10_0_3_MB_MUXF7_236
INFO: [VRFC 10-311] analyzing module microblaze_v10_0_3_MB_MUXF7_238
INFO: [VRFC 10-311] analyzing module microblaze_v10_0_3_MB_MUXF7_240
INFO: [VRFC 10-311] analyzing module microblaze_v10_0_3_MB_MUXF7_242
INFO: [VRFC 10-311] analyzing module microblaze_v10_0_3_MB_MUXF7_244
INFO: [VRFC 10-311] analyzing module microblaze_v10_0_3_MB_MUXF7_246
INFO: [VRFC 10-311] analyzing module microblaze_v10_0_3_MB_MUXF7_248
INFO: [VRFC 10-311] analyzing module microblaze_v10_0_3_MB_MUXF7_250
INFO: [VRFC 10-311] analyzing module microblaze_v10_0_3_MB_MUXF7_252
INFO: [VRFC 10-311] analyzing module microblaze_v10_0_3_MB_MUXF7_254
INFO: [VRFC 10-311] analyzing module microblaze_v10_0_3_MB_MUXF7_256
INFO: [VRFC 10-311] analyzing module microblaze_v10_0_3_MB_MUXF7_258
INFO: [VRFC 10-311] analyzing module microblaze_v10_0_3_MB_MUXF7_260
INFO: [VRFC 10-311] analyzing module microblaze_v10_0_3_MB_MUXF7_262
INFO: [VRFC 10-311] analyzing module microblaze_v10_0_3_MB_MUXF7_264
INFO: [VRFC 10-311] analyzing module microblaze_v10_0_3_MB_MUXF7_266
INFO: [VRFC 10-311] analyzing module microblaze_v10_0_3_MB_MUXF7_268
INFO: [VRFC 10-311] analyzing module microblaze_v10_0_3_MB_MUXF7_270
INFO: [VRFC 10-311] analyzing module microblaze_v10_0_3_MB_MUXF7_272
INFO: [VRFC 10-311] analyzing module microblaze_v10_0_3_MB_MUXF7_274
INFO: [VRFC 10-311] analyzing module microblaze_v10_0_3_MB_MUXF7_431
INFO: [VRFC 10-311] analyzing module microblaze_v10_0_3_MB_MUXF7_432
INFO: [VRFC 10-311] analyzing module microblaze_v10_0_3_MB_MUXF7_433
INFO: [VRFC 10-311] analyzing module microblaze_v10_0_3_MB_MUXF7_434
INFO: [VRFC 10-311] analyzing module microblaze_v10_0_3_MB_MUXF7_435
INFO: [VRFC 10-311] analyzing module microblaze_v10_0_3_MB_MUXF7_436
INFO: [VRFC 10-311] analyzing module microblaze_v10_0_3_MB_MUXF7_437
INFO: [VRFC 10-311] analyzing module microblaze_v10_0_3_MB_MUXF7_438
INFO: [VRFC 10-311] analyzing module microblaze_v10_0_3_MB_MUXF7_439
INFO: [VRFC 10-311] analyzing module microblaze_v10_0_3_MB_MUXF7_440
INFO: [VRFC 10-311] analyzing module microblaze_v10_0_3_MB_MUXF7_441
INFO: [VRFC 10-311] analyzing module microblaze_v10_0_3_MB_MUXF7_442
INFO: [VRFC 10-311] analyzing module microblaze_v10_0_3_MB_MUXF7_443
INFO: [VRFC 10-311] analyzing module microblaze_v10_0_3_MB_MUXF7_444
INFO: [VRFC 10-311] analyzing module microblaze_v10_0_3_MB_MUXF7_445
INFO: [VRFC 10-311] analyzing module microblaze_v10_0_3_MB_MUXF7_446
INFO: [VRFC 10-311] analyzing module microblaze_v10_0_3_MB_MUXF7_447
INFO: [VRFC 10-311] analyzing module microblaze_v10_0_3_MB_MUXF7_448
INFO: [VRFC 10-311] analyzing module microblaze_v10_0_3_MB_MUXF7_449
INFO: [VRFC 10-311] analyzing module microblaze_v10_0_3_MB_MUXF7_450
INFO: [VRFC 10-311] analyzing module microblaze_v10_0_3_MB_MUXF7_451
INFO: [VRFC 10-311] analyzing module microblaze_v10_0_3_MB_MUXF7_452
INFO: [VRFC 10-311] analyzing module microblaze_v10_0_3_MB_MUXF7_453
INFO: [VRFC 10-311] analyzing module microblaze_v10_0_3_MB_MUXF7_454
INFO: [VRFC 10-311] analyzing module microblaze_v10_0_3_MB_MUXF7_455
INFO: [VRFC 10-311] analyzing module microblaze_v10_0_3_MB_MUXF7_456
INFO: [VRFC 10-311] analyzing module microblaze_v10_0_3_MB_MUXF7_457
INFO: [VRFC 10-311] analyzing module microblaze_v10_0_3_MB_MUXF7_458
INFO: [VRFC 10-311] analyzing module microblaze_v10_0_3_MB_MUXF7_459
INFO: [VRFC 10-311] analyzing module microblaze_v10_0_3_MB_MUXF7_460
INFO: [VRFC 10-311] analyzing module microblaze_v10_0_3_MB_MUXF7_461
INFO: [VRFC 10-311] analyzing module microblaze_v10_0_3_MB_MUXF7_462
INFO: [VRFC 10-311] analyzing module msr_reg_gti
INFO: [VRFC 10-311] analyzing module mux_bus
INFO: [VRFC 10-311] analyzing module glbl
INFO: [VRFC 10-2263] Analyzing Verilog file "/home/izoomko/wrk/4grade/io/lab3/lab2.srcs/sim_1/new/sim_tb.v" into library xil_defaultlib
INFO: [VRFC 10-311] analyzing module sim_tb
