
*** Running vivado
    with args -log uc_system_axi_gpio_0_0.vds -m64 -product Vivado -mode batch -messageDb vivado.pb -notrace -source uc_system_axi_gpio_0_0.tcl


****** Vivado v2017.2 (64-bit)
  **** SW Build 1909853 on Thu Jun 15 18:39:10 MDT 2017
  **** IP Build 1909766 on Thu Jun 15 19:58:00 MDT 2017
    ** Copyright 1986-2017 Xilinx, Inc. All Rights Reserved.

source uc_system_axi_gpio_0_0.tcl -notrace
Starting RTL Elaboration : Time (s): cpu = 00:00:07 ; elapsed = 00:00:07 . Memory (MB): peak = 1153.324 ; gain = 54.996 ; free physical = 481 ; free virtual = 17605
INFO: [Synth 8-638] synthesizing module 'uc_system_axi_gpio_0_0' [/home/izoomko/wrk/4grade/io/lab2/lab2.srcs/sources_1/bd/uc_system/ip/uc_system_axi_gpio_0_0/synth/uc_system_axi_gpio_0_0.vhd:84]
INFO: [Synth 8-638] synthesizing module 'axi_gpio' [/home/izoomko/wrk/4grade/io/lab2/lab2.srcs/sources_1/bd/uc_system/ipshared/cb07/hdl/axi_gpio_v2_0_vh_rfs.vhd:1257]
INFO: [Synth 8-638] synthesizing module 'axi_lite_ipif' [/home/izoomko/wrk/4grade/io/lab2/lab2.srcs/sources_1/bd/uc_system/ipshared/0ba0/hdl/axi_lite_ipif_v3_0_vh_rfs.vhd:2948]
INFO: [Synth 8-638] synthesizing module 'slave_attachment' [/home/izoomko/wrk/4grade/io/lab2/lab2.srcs/sources_1/bd/uc_system/ipshared/0ba0/hdl/axi_lite_ipif_v3_0_vh_rfs.vhd:2341]
INFO: [Synth 8-638] synthesizing module 'address_decoder' [/home/izoomko/wrk/4grade/io/lab2/lab2.srcs/sources_1/bd/uc_system/ipshared/0ba0/hdl/axi_lite_ipif_v3_0_vh_rfs.vhd:1775]
INFO: [Synth 8-638] synthesizing module 'pselect_f' [/home/izoomko/wrk/4grade/io/lab2/lab2.srcs/sources_1/bd/uc_system/ipshared/0ba0/hdl/axi_lite_ipif_v3_0_vh_rfs.vhd:1534]
INFO: [Synth 8-256] done synthesizing module 'pselect_f' (1#1) [/home/izoomko/wrk/4grade/io/lab2/lab2.srcs/sources_1/bd/uc_system/ipshared/0ba0/hdl/axi_lite_ipif_v3_0_vh_rfs.vhd:1534]
INFO: [Synth 8-638] synthesizing module 'pselect_f__parameterized0' [/home/izoomko/wrk/4grade/io/lab2/lab2.srcs/sources_1/bd/uc_system/ipshared/0ba0/hdl/axi_lite_ipif_v3_0_vh_rfs.vhd:1534]
INFO: [Synth 8-256] done synthesizing module 'pselect_f__parameterized0' (1#1) [/home/izoomko/wrk/4grade/io/lab2/lab2.srcs/sources_1/bd/uc_system/ipshared/0ba0/hdl/axi_lite_ipif_v3_0_vh_rfs.vhd:1534]
INFO: [Synth 8-638] synthesizing module 'pselect_f__parameterized1' [/home/izoomko/wrk/4grade/io/lab2/lab2.srcs/sources_1/bd/uc_system/ipshared/0ba0/hdl/axi_lite_ipif_v3_0_vh_rfs.vhd:1534]
INFO: [Synth 8-256] done synthesizing module 'pselect_f__parameterized1' (1#1) [/home/izoomko/wrk/4grade/io/lab2/lab2.srcs/sources_1/bd/uc_system/ipshared/0ba0/hdl/axi_lite_ipif_v3_0_vh_rfs.vhd:1534]
INFO: [Synth 8-638] synthesizing module 'pselect_f__parameterized2' [/home/izoomko/wrk/4grade/io/lab2/lab2.srcs/sources_1/bd/uc_system/ipshared/0ba0/hdl/axi_lite_ipif_v3_0_vh_rfs.vhd:1534]
INFO: [Synth 8-256] done synthesizing module 'pselect_f__parameterized2' (1#1) [/home/izoomko/wrk/4grade/io/lab2/lab2.srcs/sources_1/bd/uc_system/ipshared/0ba0/hdl/axi_lite_ipif_v3_0_vh_rfs.vhd:1534]
INFO: [Synth 8-256] done synthesizing module 'address_decoder' (2#1) [/home/izoomko/wrk/4grade/io/lab2/lab2.srcs/sources_1/bd/uc_system/ipshared/0ba0/hdl/axi_lite_ipif_v3_0_vh_rfs.vhd:1775]
INFO: [Synth 8-256] done synthesizing module 'slave_attachment' (3#1) [/home/izoomko/wrk/4grade/io/lab2/lab2.srcs/sources_1/bd/uc_system/ipshared/0ba0/hdl/axi_lite_ipif_v3_0_vh_rfs.vhd:2341]
INFO: [Synth 8-256] done synthesizing module 'axi_lite_ipif' (4#1) [/home/izoomko/wrk/4grade/io/lab2/lab2.srcs/sources_1/bd/uc_system/ipshared/0ba0/hdl/axi_lite_ipif_v3_0_vh_rfs.vhd:2948]
INFO: [Synth 8-638] synthesizing module 'GPIO_Core' [/home/izoomko/wrk/4grade/io/lab2/lab2.srcs/sources_1/bd/uc_system/ipshared/cb07/hdl/axi_gpio_v2_0_vh_rfs.vhd:177]
INFO: [Synth 8-638] synthesizing module 'cdc_sync' [/home/izoomko/wrk/4grade/io/lab2/lab2.srcs/sources_1/bd/uc_system/ipshared/52cb/hdl/lib_cdc_v1_0_rfs.vhd:106]
INFO: [Synth 8-256] done synthesizing module 'cdc_sync' (5#1) [/home/izoomko/wrk/4grade/io/lab2/lab2.srcs/sources_1/bd/uc_system/ipshared/52cb/hdl/lib_cdc_v1_0_rfs.vhd:106]
INFO: [Synth 8-256] done synthesizing module 'GPIO_Core' (6#1) [/home/izoomko/wrk/4grade/io/lab2/lab2.srcs/sources_1/bd/uc_system/ipshared/cb07/hdl/axi_gpio_v2_0_vh_rfs.vhd:177]
INFO: [Synth 8-256] done synthesizing module 'axi_gpio' (7#1) [/home/izoomko/wrk/4grade/io/lab2/lab2.srcs/sources_1/bd/uc_system/ipshared/cb07/hdl/axi_gpio_v2_0_vh_rfs.vhd:1257]
INFO: [Synth 8-256] done synthesizing module 'uc_system_axi_gpio_0_0' (8#1) [/home/izoomko/wrk/4grade/io/lab2/lab2.srcs/sources_1/bd/uc_system/ip/uc_system_axi_gpio_0_0/synth/uc_system_axi_gpio_0_0.vhd:84]
Finished RTL Elaboration : Time (s): cpu = 00:00:09 ; elapsed = 00:00:09 . Memory (MB): peak = 1195.824 ; gain = 97.496 ; free physical = 526 ; free virtual = 17646
Finished RTL Optimization Phase 1 : Time (s): cpu = 00:00:09 ; elapsed = 00:00:09 . Memory (MB): peak = 1195.824 ; gain = 97.496 ; free physical = 542 ; free virtual = 17662
INFO: [Device 21-403] Loading part xc7a100tcsg324-1
Constraint Validation Runtime : Time (s): cpu = 00:00:00.08 ; elapsed = 00:00:00.06 . Memory (MB): peak = 1519.660 ; gain = 0.000 ; free physical = 982 ; free virtual = 17984
Finished Constraint Validation : Time (s): cpu = 00:00:27 ; elapsed = 00:00:27 . Memory (MB): peak = 1519.660 ; gain = 421.332 ; free physical = 1005 ; free virtual = 18004
Finished Loading Part and Timing Information : Time (s): cpu = 00:00:27 ; elapsed = 00:00:27 . Memory (MB): peak = 1519.660 ; gain = 421.332 ; free physical = 1005 ; free virtual = 18004
Finished applying 'set_property' XDC Constraints : Time (s): cpu = 00:00:27 ; elapsed = 00:00:27 . Memory (MB): peak = 1519.660 ; gain = 421.332 ; free physical = 1006 ; free virtual = 18006
Finished RTL Optimization Phase 2 : Time (s): cpu = 00:00:27 ; elapsed = 00:00:28 . Memory (MB): peak = 1519.660 ; gain = 421.332 ; free physical = 951 ; free virtual = 17950
Finished Cross Boundary and Area Optimization : Time (s): cpu = 00:00:28 ; elapsed = 00:00:29 . Memory (MB): peak = 1519.660 ; gain = 421.332 ; free physical = 990 ; free virtual = 17989
Finished Applying XDC Timing Constraints : Time (s): cpu = 00:00:41 ; elapsed = 00:00:42 . Memory (MB): peak = 1519.660 ; gain = 421.332 ; free physical = 710 ; free virtual = 17712
Finished Timing Optimization : Time (s): cpu = 00:00:41 ; elapsed = 00:00:42 . Memory (MB): peak = 1519.660 ; gain = 421.332 ; free physical = 709 ; free virtual = 17711
Finished Technology Mapping : Time (s): cpu = 00:00:41 ; elapsed = 00:00:42 . Memory (MB): peak = 1519.660 ; gain = 421.332 ; free physical = 709 ; free virtual = 17710
Finished IO Insertion : Time (s): cpu = 00:00:42 ; elapsed = 00:00:43 . Memory (MB): peak = 1519.660 ; gain = 421.332 ; free physical = 682 ; free virtual = 17698
Finished Renaming Generated Instances : Time (s): cpu = 00:00:42 ; elapsed = 00:00:43 . Memory (MB): peak = 1519.660 ; gain = 421.332 ; free physical = 682 ; free virtual = 17698
Finished Rebuilding User Hierarchy : Time (s): cpu = 00:00:42 ; elapsed = 00:00:43 . Memory (MB): peak = 1519.660 ; gain = 421.332 ; free physical = 682 ; free virtual = 17697
Finished Renaming Generated Ports : Time (s): cpu = 00:00:42 ; elapsed = 00:00:43 . Memory (MB): peak = 1519.660 ; gain = 421.332 ; free physical = 682 ; free virtual = 17697
Finished Handling Custom Attributes : Time (s): cpu = 00:00:42 ; elapsed = 00:00:43 . Memory (MB): peak = 1519.660 ; gain = 421.332 ; free physical = 682 ; free virtual = 17697
Finished Renaming Generated Nets : Time (s): cpu = 00:00:42 ; elapsed = 00:00:43 . Memory (MB): peak = 1519.660 ; gain = 421.332 ; free physical = 681 ; free virtual = 17697

Report Cell Usage: 
+------+-----+------+
|      |Cell |Count |
+------+-----+------+
|1     |LUT1 |     2|
|2     |LUT2 |     5|
|3     |LUT3 |     4|
|4     |LUT4 |    19|
|5     |LUT5 |    11|
|6     |LUT6 |     6|
|7     |FDRE |    85|
|8     |FDSE |    16|
+------+-----+------+
Finished Writing Synthesis Report : Time (s): cpu = 00:00:42 ; elapsed = 00:00:43 . Memory (MB): peak = 1519.660 ; gain = 421.332 ; free physical = 681 ; free virtual = 17697
synth_design: Time (s): cpu = 00:00:44 ; elapsed = 00:00:45 . Memory (MB): peak = 1519.668 ; gain = 433.926 ; free physical = 673 ; free virtual = 17690
